2022-11-03 16:33:12 - root - INFO - new_task - another test
2022-11-03 16:33:12 - crontab - ERROR - crontab - '22', not in 0-6 for Day of Week
2022-11-03 16:33:12 - crontab - ERROR - crontab - '25', not in 1-12 for Month
2022-11-03 16:38:12 - root - INFO - new_task - Logger Completed!
2022-11-03 16:38:12 - crontab - ERROR - crontab - '22', not in 0-6 for Day of Week
2022-11-03 16:38:12 - crontab - ERROR - crontab - '25', not in 1-12 for Month
2022-11-03 20:32:24 - root - INFO - new_task - Logger Completed!
2022-11-03 20:32:24 - crontab - ERROR - crontab - '22', not in 0-6 for Day of Week
2022-11-03 20:32:24 - crontab - ERROR - crontab - '25', not in 1-12 for Month
2022-11-04 14:54:21 - root - INFO - new_task - Logger Completed!
2022-11-04 14:54:21 - crontab - ERROR - crontab - '22', not in 0-6 for Day of Week
2022-11-04 14:54:21 - crontab - ERROR - crontab - '25', not in 1-12 for Month
2022-11-04 14:59:19 - root - INFO - new_task - Logger Completed!
2022-11-04 14:59:19 - crontab - ERROR - crontab - '22', not in 0-6 for Day of Week
2022-11-04 14:59:19 - crontab - ERROR - crontab - '25', not in 1-12 for Month
2022-11-04 14:59:22 - root - INFO - new_task - Logger Completed!
2022-11-04 14:59:22 - crontab - ERROR - crontab - '22', not in 0-6 for Day of Week
2022-11-04 14:59:22 - crontab - ERROR - crontab - '25', not in 1-12 for Month
2022-11-04 16:34:54 - root - INFO - new_task - Logger Completed!
2022-11-04 16:34:54 - crontab - ERROR - crontab - '22', not in 0-6 for Day of Week
2022-11-04 16:34:54 - crontab - ERROR - crontab - '25', not in 1-12 for Month
2022-11-04 17:01:37 - root - INFO - new_task - Logger Completed!
2022-11-04 17:01:37 - crontab - ERROR - crontab - '22', not in 0-6 for Day of Week
2022-11-04 17:01:37 - crontab - ERROR - crontab - '25', not in 1-12 for Month
INFO - root - INFO - new_task - Logger Completed!
INFO - crontab - ERROR - crontab - '22', not in 0-6 for Day of Week
INFO - crontab - ERROR - crontab - '25', not in 1-12 for Month
INFO - root - INFO - new_task - Logger Completed!
INFO - crontab - ERROR - crontab - '22', not in 0-6 for Day of Week
INFO - crontab - ERROR - crontab - '25', not in 1-12 for Month
INFO - root - INFO - new_task - Logger Completed!
INFO - crontab - ERROR - crontab - '22', not in 0-6 for Day of Week
INFO - crontab - ERROR - crontab - '25', not in 1-12 for Month
INFO - root - INFO - new_task - Logger Completed!
INFO - crontab - ERROR - crontab - '22', not in 0-6 for Day of Week
INFO - crontab - ERROR - crontab - '25', not in 1-12 for Month
INFO - root - INFO - new_task - Logger Completed!
INFO - crontab - ERROR - crontab - '22', not in 0-6 for Day of Week
INFO - crontab - ERROR - crontab - '25', not in 1-12 for Month
INFO - root - INFO - new_task - Logger Completed!
INFO - crontab - ERROR - crontab - '22', not in 0-6 for Day of Week
INFO - crontab - ERROR - crontab - '25', not in 1-12 for Month
INFO - root - INFO - new_task - Logger Completed!
INFO - root - INFO - new_task - Logger Completed!
INFO - root - INFO - new_task - Logger Completed!
INFO - root - INFO - new_task - Logger Completed!
INFO - crontab - ERROR - crontab - '22', not in 0-6 for Day of Week
INFO - crontab - ERROR - crontab - '25', not in 1-12 for Month
INFO - root - INFO - new_task - Logger Completed!
INFO - crontab - ERROR - crontab - '22', not in 0-6 for Day of Week
INFO - crontab - ERROR - crontab - '25', not in 1-12 for Month
2022-11-05 13:17:14 - root - INFO - new_task - Logger Completed!
2022-11-05 13:17:14 - crontab - ERROR - crontab - '22', not in 0-6 for Day of Week
2022-11-05 13:17:14 - crontab - ERROR - crontab - '25', not in 1-12 for Month
2022-11-05 14:12:42 - root - INFO - new_task - Logger Completed!
2022-11-05 14:12:42 - crontab - ERROR - crontab - '22', not in 0-6 for Day of Week
2022-11-05 14:12:42 - crontab - ERROR - crontab - '25', not in 1-12 for Month
2022-11-05 14:13:22 - root - INFO - new_task - Logger Completed!
2022-11-05 14:13:22 - crontab - ERROR - crontab - '22', not in 0-6 for Day of Week
2022-11-05 14:13:22 - crontab - ERROR - crontab - '25', not in 1-12 for Month
2022-11-05 14:16:18 - root - INFO - new_task - Logger Completed!
2022-11-05 14:16:18 - crontab - ERROR - crontab - '22', not in 0-6 for Day of Week
2022-11-05 14:16:18 - crontab - ERROR - crontab - '25', not in 1-12 for Month
2022-11-05 15:23:21 - root - INFO - new_task - Logger Completed!
2022-11-05 15:23:21 - crontab - ERROR - crontab - '22', not in 0-6 for Day of Week
2022-11-05 15:23:21 - crontab - ERROR - crontab - '25', not in 1-12 for Month
2022-11-05 15:25:46 - root - INFO - new_task - Logger Completed!
2022-11-05 15:25:46 - crontab - ERROR - crontab - '22', not in 0-6 for Day of Week
2022-11-05 15:25:46 - crontab - ERROR - crontab - '25', not in 1-12 for Month
2022-11-05 15:27:58 - root - INFO - new_task - Logger Completed!
2022-11-05 15:27:58 - crontab - ERROR - crontab - '22', not in 0-6 for Day of Week
2022-11-05 15:27:58 - crontab - ERROR - crontab - '25', not in 1-12 for Month
2022-11-05 15:57:29 - root - INFO - new_task - Logger Completed!
2022-11-05 15:57:29 - crontab - ERROR - crontab - '22', not in 0-6 for Day of Week
2022-11-05 15:57:29 - crontab - ERROR - crontab - '25', not in 1-12 for Month
2022-11-05 15:58:11 - root - INFO - new_task - Logger Completed!
2022-11-05 15:58:11 - crontab - ERROR - crontab - '22', not in 0-6 for Day of Week
2022-11-05 15:58:11 - crontab - ERROR - crontab - '25', not in 1-12 for Month
2022-11-05 16:01:13 - root - INFO - new_task - Logger Completed!
2022-11-05 16:01:13 - crontab - ERROR - crontab - '22', not in 0-6 for Day of Week
2022-11-05 16:01:13 - crontab - ERROR - crontab - '25', not in 1-12 for Month
2022-11-05 16:06:01 - root - INFO - new_task - Logger Completed!
2022-11-05 16:06:01 - crontab - ERROR - crontab - '22', not in 0-6 for Day of Week
2022-11-05 16:06:01 - crontab - ERROR - crontab - '25', not in 1-12 for Month
2022-11-05 16:07:28 - root - INFO - new_task - Logger Completed!
2022-11-05 16:07:28 - crontab - ERROR - crontab - '22', not in 0-6 for Day of Week
2022-11-05 16:07:28 - crontab - ERROR - crontab - '25', not in 1-12 for Month
2022-11-05 16:17:41 - root - INFO - new_task - Logger Completed!
2022-11-05 16:17:41 - crontab - ERROR - crontab - '22', not in 0-6 for Day of Week
2022-11-05 16:17:41 - crontab - ERROR - crontab - '25', not in 1-12 for Month
2022-11-05 16:47:32 - root - INFO - new_task - Logger Completed!
2022-11-05 16:47:32 - crontab - ERROR - crontab - '22', not in 0-6 for Day of Week
2022-11-05 16:47:32 - crontab - ERROR - crontab - '25', not in 1-12 for Month
2022-11-05 16:48:23 - root - INFO - new_task - Logger Completed!
2022-11-05 16:48:33 - root - INFO - new_task - Logger Completed!
2022-11-05 16:54:17 - root - INFO - new_task - Logger Completed!
2022-11-05 16:57:19 - root - INFO - new_task - Logger Completed!
2022-11-05 16:57:45 - root - INFO - new_task - Logger Completed!
2022-11-05 16:59:17 - root - INFO - new_task - Logger Completed!
2022-11-05 17:02:09 - root - INFO - new_task - Logger Completed!
2022-11-05 17:04:36 - root - INFO - new_task - Logger Completed!
2022-11-05 17:04:36 - crontab - ERROR - crontab - '22', not in 0-6 for Day of Week
2022-11-05 17:04:36 - crontab - ERROR - crontab - '25', not in 1-12 for Month
2022-11-05 17:09:31 - root - INFO - new_task - Logger Completed!
2022-11-05 17:09:31 - crontab - ERROR - crontab - '22', not in 0-6 for Day of Week
2022-11-05 17:09:31 - crontab - ERROR - crontab - '25', not in 1-12 for Month
2022-11-05 17:11:03 - root - INFO - new_task - Logger Completed!
2022-11-05 17:11:03 - crontab - ERROR - crontab - '22', not in 0-6 for Day of Week
2022-11-05 17:11:03 - crontab - ERROR - crontab - '25', not in 1-12 for Month
2022-11-05 17:27:34 - root - INFO - new_task - Logger Completed!
2022-11-05 17:27:34 - crontab - ERROR - crontab - '22', not in 0-6 for Day of Week
2022-11-05 17:27:34 - crontab - ERROR - crontab - '25', not in 1-12 for Month
2022-11-05 17:29:34 - root - INFO - new_task - Logger Completed!
2022-11-05 17:29:34 - crontab - ERROR - crontab - '22', not in 0-6 for Day of Week
2022-11-05 17:29:34 - crontab - ERROR - crontab - '25', not in 1-12 for Month
2022-11-05 17:37:44 - root - INFO - new_task - Logger Completed!
2022-11-05 17:37:44 - crontab - ERROR - crontab - '22', not in 0-6 for Day of Week
2022-11-05 17:37:44 - crontab - ERROR - crontab - '25', not in 1-12 for Month
2022-11-05 17:40:09 - root - INFO - new_task - Logger Completed!
2022-11-05 17:40:09 - crontab - ERROR - crontab - '22', not in 0-6 for Day of Week
2022-11-05 17:40:09 - crontab - ERROR - crontab - '25', not in 1-12 for Month
2022-11-05 17:47:47 - root - INFO - new_task - Logger Completed!
2022-11-05 17:47:47 - crontab - ERROR - crontab - '22', not in 0-6 for Day of Week
2022-11-05 17:47:47 - crontab - ERROR - crontab - '25', not in 1-12 for Month
2022-11-05 17:53:18 - root - INFO - new_task - Logger Completed!
2022-11-05 17:53:18 - crontab - ERROR - crontab - '22', not in 0-6 for Day of Week
2022-11-05 17:53:18 - crontab - ERROR - crontab - '25', not in 1-12 for Month
2022-11-05 18:03:47 - root - INFO - new_task - Logger Completed!
2022-11-05 18:03:47 - crontab - ERROR - crontab - '22', not in 0-6 for Day of Week
2022-11-05 18:03:47 - crontab - ERROR - crontab - '25', not in 1-12 for Month
2022-11-05 18:03:55 - root - INFO - new_task - Logger Completed!
2022-11-05 18:03:55 - crontab - ERROR - crontab - '22', not in 0-6 for Day of Week
2022-11-05 18:03:55 - crontab - ERROR - crontab - '25', not in 1-12 for Month
2022-11-05 18:04:28 - root - INFO - new_task - Logger Completed!
2022-11-05 18:04:28 - crontab - ERROR - crontab - '22', not in 0-6 for Day of Week
2022-11-05 18:04:28 - crontab - ERROR - crontab - '25', not in 1-12 for Month
2022-11-05 18:05:48 - root - INFO - new_task - Logger Completed!
2022-11-05 18:05:48 - crontab - ERROR - crontab - '22', not in 0-6 for Day of Week
2022-11-05 18:05:48 - crontab - ERROR - crontab - '25', not in 1-12 for Month
2022-11-05 18:07:51 - root - INFO - new_task - Logger Completed!
2022-11-05 18:07:51 - crontab - ERROR - crontab - '22', not in 0-6 for Day of Week
2022-11-05 18:07:51 - crontab - ERROR - crontab - '25', not in 1-12 for Month
2022-11-05 18:08:30 - root - INFO - new_task - Logger Completed!
2022-11-05 18:08:30 - crontab - ERROR - crontab - '22', not in 0-6 for Day of Week
2022-11-05 18:08:30 - crontab - ERROR - crontab - '25', not in 1-12 for Month
2022-11-05 18:09:57 - root - INFO - new_task - Logger Completed!
2022-11-05 18:09:57 - crontab - ERROR - crontab - '22', not in 0-6 for Day of Week
2022-11-05 18:09:57 - crontab - ERROR - crontab - '25', not in 1-12 for Month
2022-11-05 18:11:42 - root - INFO - new_task - Logger Completed!
2022-11-05 18:11:42 - crontab - ERROR - crontab - '22', not in 0-6 for Day of Week
2022-11-05 18:11:42 - crontab - ERROR - crontab - '25', not in 1-12 for Month
2022-11-06 15:35:18 - root - INFO - new_task - Logger Completed!
2022-11-06 15:35:18 - crontab - ERROR - crontab - '22', not in 0-6 for Day of Week
2022-11-06 15:35:18 - crontab - ERROR - crontab - '25', not in 1-12 for Month
2022-11-06 15:35:22 - root - INFO - new_task - Logger Completed!
2022-11-06 15:35:22 - crontab - ERROR - crontab - '22', not in 0-6 for Day of Week
2022-11-06 15:35:22 - crontab - ERROR - crontab - '25', not in 1-12 for Month
2022-11-06 15:37:06 - root - INFO - new_task - Logger Completed!
2022-11-06 15:37:06 - crontab - ERROR - crontab - '22', not in 0-6 for Day of Week
2022-11-06 15:37:06 - crontab - ERROR - crontab - '25', not in 1-12 for Month
2022-11-06 15:50:32 - root - INFO - new_task - Logger Completed!
2022-11-06 15:50:32 - crontab - ERROR - crontab - '22', not in 0-6 for Day of Week
2022-11-06 15:50:32 - crontab - ERROR - crontab - '25', not in 1-12 for Month
2022-11-06 15:50:32 - root - INFO - new_task - Программа запущена, колличество заданий 5
2022-11-06 15:53:12 - root - INFO - new_task - Logger Completed!
2022-11-06 15:53:12 - crontab - ERROR - crontab - '22', not in 0-6 for Day of Week
2022-11-06 15:53:12 - crontab - ERROR - crontab - '25', not in 1-12 for Month
2022-11-06 15:53:23 - root - INFO - new_task - Logger Completed!
2022-11-06 15:53:23 - crontab - ERROR - crontab - '22', not in 0-6 for Day of Week
2022-11-06 15:53:23 - crontab - ERROR - crontab - '25', not in 1-12 for Month
2022-11-06 15:55:39 - root - INFO - new_task - Logger Completed!
2022-11-06 15:55:39 - crontab - ERROR - crontab - '22', not in 0-6 for Day of Week
2022-11-06 15:55:39 - crontab - ERROR - crontab - '25', not in 1-12 for Month
2022-11-06 15:55:39 - root - INFO - new_task - Программа запущена, колличество заданий 5
2022-11-06 15:55:56 - root - INFO - new_task - Logger Completed!
2022-11-06 15:55:56 - root - INFO - new_task - Программа запущена, колличество заданий 5
2022-11-06 15:56:00 - root - INFO - new_task - Задание выполнится снова в 2022-11-06 16:00:00
2022-11-06 15:56:00 - root - INFO - new_task - Идентификатор процесса: 0. Команда echo Hello3! выполнена!
2022-11-06 15:59:31 - root - INFO - new_task - Logger Completed!
2022-11-06 15:59:31 - root - INFO - new_task - Программа запущена, колличество заданий 5, они будут выполнены в такое время:
2022-11-06 16:00:00 - root - INFO - new_task - Задание выполнится снова в 2022-11-06 16:02:00
2022-11-06 16:00:00 - root - INFO - new_task - Идентификатор процесса: 0. Команда echo Hello1! выполнена!
2022-11-06 16:01:48 - root - INFO - new_task - Logger Completed!
2022-11-06 16:01:48 - root - INFO - new_task - Программа запущена, колличество заданий 5, они будут выполнены в такое время:
2022-11-06 16:02:00 - root - INFO - new_task - Задание выполнится снова в 2022-11-06 16:03:00
2022-11-06 16:02:00 - root - INFO - new_task - Задание выполнится снова в 2022-11-06 16:04:00
2022-11-06 16:03:00 - root - INFO - new_task - Задание выполнится снова в 2022-11-06 16:06:00
2022-11-06 16:03:00 - root - INFO - new_task - Задание выполнится снова в 2022-11-06 16:04:00
2022-11-06 16:04:00 - root - INFO - new_task - Задание выполнится снова в 2022-11-06 16:08:00
2022-11-06 16:04:00 - root - INFO - new_task - Задание выполнится снова в 2022-11-06 16:05:00
2022-11-06 16:04:00 - root - INFO - new_task - Задание выполнится снова в 2022-11-06 16:06:00
2022-11-06 16:11:03 - root - INFO - new_task - Logger Completed!
2022-11-06 16:11:03 - root - INFO - new_task - Программа запущена, колличество заданий 5, они будут выполнены в такое время:
2022-11-06 16:12:00 - root - INFO - new_task - Задание выполнится снова в 2022-11-06 16:13:00
2022-11-06 16:12:00 - root - INFO - new_task - Задание выполнится снова в 2022-11-06 16:14:00
2022-11-06 16:12:00 - root - INFO - new_task - Задание выполнится снова в 2022-11-06 16:15:00
2022-11-06 16:12:00 - root - INFO - new_task - Задание выполнится снова в 2022-11-06 16:16:00
2022-11-06 16:13:00 - root - INFO - new_task - Задание выполнится снова в 2022-11-06 16:14:00
2022-11-06 16:14:00 - root - INFO - new_task - Задание выполнится снова в 2022-11-06 16:15:00
2022-11-06 16:14:00 - root - INFO - new_task - Задание выполнится снова в 2022-11-06 16:16:00
2022-11-06 16:22:18 - root - INFO - new_task - Logger Completed!
2022-11-06 16:22:18 - root - INFO - new_task - Программа запущена, колличество заданий 5, они будут выполнены в такое время:
2022-11-06 17:11:45 - root - INFO - new_task - Logger Completed!
2022-11-06 17:11:45 - root - INFO - new_task - Программа запущена, колличество заданий 5, они будут выполнены в такое время:
2022-11-06 17:12:00 - root - INFO - new_task - Задание выполнится снова в 2022-11-06 17:14:00
2022-11-06 17:12:00 - root - INFO - new_task - Задание выполнится снова в 2022-11-06 17:15:00
2022-11-06 17:12:00 - root - INFO - new_task - Задание выполнится снова в 2022-11-06 17:16:00
2022-11-06 17:12:00 - root - INFO - new_task - Задание выполнится снова в 2022-11-06 17:13:00
2022-11-06 17:13:00 - root - INFO - new_task - Задание выполнится снова в 2022-11-06 17:14:00
2022-11-06 18:18:33 - root - INFO - new_task - Logger Completed!
2022-11-06 18:18:33 - root - INFO - new_task - Программа запущена, колличество заданий 5, они будут выполнены в такое время:
2022-11-06 19:07:14 - root - INFO - new_task - Logger Completed!
2022-11-06 19:07:14 - root - INFO - new_task - Программа запущена, колличество заданий 5, они будут выполнены в такое время:
2022-11-08 12:20:07 - root - INFO - new_task - Logger Completed!
2022-11-08 12:20:07 - root - INFO - new_task - Программа запущена, колличество заданий 5, они будут выполнены в такое время:
2022-11-08 12:21:41 - root - INFO - new_task - Logger Completed!
2022-11-08 12:21:41 - root - INFO - new_task - Программа запущена, колличество заданий 5, они будут выполнены в такое время:
2022-11-08 13:26:37 - root - INFO - new_task - Logger Completed!
2022-11-08 13:26:37 - root - INFO - new_task - Программа запущена, колличество заданий 5, они будут выполнены в такое время:
2022-11-08 13:34:11 - root - INFO - new_task - Logger Completed!
2022-11-08 13:34:11 - root - INFO - new_task - Программа запущена, колличество заданий 5, они будут выполнены в такое время:
2022-11-08 13:35:03 - root - INFO - new_task - Logger Completed!
2022-11-08 13:37:01 - root - INFO - new_task - Logger Completed!
2022-11-08 13:37:01 - root - INFO - new_task - Программа запущена, колличество заданий 5, они будут выполнены в такое время:
2022-11-08 13:38:00 - root - INFO - new_task - Задание выполнится снова в 2022-11-08 13:39:00
2022-11-08 13:38:00 - root - INFO - new_task - Задание выполнится снова в 2022-11-08 13:40:00
2022-11-08 13:39:00 - root - INFO - new_task - Задание выполнится снова в 2022-11-08 13:42:00
2022-11-08 13:39:00 - root - INFO - new_task - Задание выполнится снова в 2022-11-08 13:40:00
2022-11-08 13:39:48 - root - INFO - new_task - Logger Completed!
2022-11-08 13:39:48 - root - INFO - new_task - Программа запущена, колличество заданий 5, они будут выполнены в такое время:
2022-11-08 14:00:17 - root - INFO - new_task - Logger Completed!
2022-11-08 14:00:17 - root - INFO - new_task - Программа запущена, колличество заданий 5, они будут выполнены в такое время:
2022-11-08 14:06:02 - root - INFO - new_task - Logger Completed!
2022-11-08 14:06:02 - root - INFO - new_task - Программа запущена, колличество заданий 5, они будут выполнены в такое время:
2022-11-08 14:08:11 - root - INFO - new_task - Logger Completed!
2022-11-08 14:08:11 - root - INFO - new_task - Программа запущена, колличество заданий 5, они будут выполнены в такое время:
2022-11-08 14:23:26 - root - INFO - new_task - Logger Completed!
2022-11-08 14:23:26 - root - INFO - new_task - Программа запущена, колличество заданий 5, они будут выполнены в такое время:
2022-11-08 14:25:03 - root - INFO - new_task - Logger Completed!
2022-11-08 14:25:03 - root - INFO - new_task - Программа запущена, колличество заданий 5, они будут выполнены в такое время:
2022-11-08 14:56:29 - root - INFO - new_task - Logger Completed!
2022-11-08 14:56:29 - root - INFO - new_task - Программа запущена, колличество заданий 5, они будут выполнены в такое время:
2022-11-08 14:57:00 - root - INFO - new_task - Задание выполнится снова в 2022-11-08 14:58:00
2022-11-08 14:57:00 - root - INFO - new_task - Задание выполнится снова в 2022-11-08 15:00:00
2022-11-08 14:57:53 - root - INFO - new_task - Logger Completed!
2022-11-08 14:57:53 - root - INFO - new_task - Программа запущена, колличество заданий 5, они будут выполнены в такое время:
2022-11-15 11:16:06 - root - INFO - new_task - Logger Completed!
2022-11-15 11:16:06 - root - INFO - new_task - Программа запущена, колличество заданий 5, они будут выполнены в такое время:
2022-11-15 11:17:00 - root - INFO - new_task - Задание выполнится снова в 2022-11-15 11:18:00
2022-11-15 11:18:00 - root - INFO - new_task - Задание выполнится снова в 2022-11-15 11:21:00
2022-11-15 11:18:00 - root - INFO - new_task - Задание выполнится снова в 2022-11-15 11:19:00
2022-11-15 11:18:00 - root - INFO - new_task - Задание выполнится снова в 2022-11-15 11:20:00
2022-11-15 11:19:00 - root - INFO - new_task - Задание выполнится снова в 2022-11-15 11:20:00
