2023-01-05 10:12:04 - root - INFO - sql_task - Logger Completed!
2023-01-05 10:12:04 - root - INFO - sql_task - MySQL connection is closed
2023-01-05 10:15:37 - root - INFO - sql_task - Logger Completed!
2023-01-05 10:15:37 - root - INFO - sql_task - MySQL connection is closed
2023-01-05 10:17:41 - root - INFO - sql_task - Logger Completed!
2023-01-05 10:17:41 - root - INFO - sql_task - MySQL connection is closed
2023-01-05 10:19:50 - root - INFO - sql_task - Logger Completed!
2023-01-05 10:19:50 - root - INFO - sql_task - MySQL connection is closed
2023-01-05 10:25:16 - root - INFO - sql_task - Logger Completed!
2023-01-05 10:25:16 - root - INFO - sql_task - MySQL connection is closed
2023-01-05 10:27:14 - root - INFO - sql_task - Logger Completed!
2023-01-05 10:27:14 - root - INFO - sql_task - Connected to MySQL Server version 8.0.31
2023-01-05 10:27:14 - root - INFO - sql_task - MySQL connection is closed
2023-01-05 10:29:16 - root - INFO - sql_task - Logger Completed!
2023-01-05 10:29:16 - root - INFO - sql_task - You're connected to database: ('test',)
2023-01-05 10:29:16 - root - INFO - sql_task - MySQL connection is closed
2023-01-05 10:34:20 - root - INFO - sql_task - Logger Completed!
2023-01-05 10:34:20 - root - INFO - sql_task - Connected to MySQL Server version 8.0.31
2023-01-05 10:34:20 - root - INFO - sql_task - You're connected to database: ('test',)
2023-01-05 10:34:20 - root - INFO - sql_task - MySQL connection is closed
2023-01-05 10:35:28 - root - INFO - sql_task - Logger Completed!
2023-01-05 10:35:28 - root - INFO - sql_task - Connected to MySQL Server version 8.0.31
2023-01-05 10:35:28 - root - INFO - sql_task - You're connected to database: test
2023-01-05 10:35:28 - root - INFO - sql_task - MySQL connection is closed
2023-01-05 10:36:37 - root - INFO - sql_task - Logger Completed!
2023-01-05 10:37:39 - root - INFO - sql_task - Logger Completed!
2023-01-05 10:38:14 - root - INFO - sql_task - Logger Completed!
2023-01-05 10:38:14 - root - INFO - sql_task - Error while connecting to MySQL 1049 (42000): Unknown database 'tes'
2023-01-05 10:39:54 - root - INFO - sql_task - Logger Completed!
2023-01-05 10:39:54 - root - INFO - sql_task - Error while connecting to MySQL 1045 (28000): Access denied for user 'root'@'localhost' (using password: YES)
2023-01-05 10:40:41 - root - INFO - sql_task - Logger Completed!
2023-01-05 10:40:41 - root - INFO - sql_task - Error while connecting to MySQL 1045 (28000): Access denied for user 'root'@'localhost' (using password: YES)
2023-01-05 10:41:12 - root - INFO - sql_task - Logger Completed!
2023-01-05 10:41:12 - root - INFO - sql_task - Error while connecting to MySQL 1045 (28000): Access denied for user 'root'@'localhost' (using password: YES)
2023-01-05 10:50:30 - root - INFO - sql_task - Logger Completed!
2023-01-05 10:50:30 - root - INFO - sql_task - Error while connecting to MySQL 1045 (28000): Access denied for user 'root'@'localhost' (using password: YES)
2023-01-05 10:59:41 - root - INFO - sql_task - Logger Completed!
2023-01-05 10:59:41 - root - INFO - sql_task - Connected to MySQL Server version 8.0.31
2023-01-05 10:59:41 - root - INFO - sql_task - You're connected to database: test
2023-01-05 10:59:41 - root - INFO - sql_task - MySQL connection is closed
2023-01-06 18:19:32 - root - INFO - sql_task - Logger Completed!
2023-01-06 18:22:36 - root - INFO - sql_task - Logger Completed!
2023-01-06 18:24:07 - root - INFO - sql_task - Logger Completed!
2023-01-06 18:24:07 - mysql.connector.authentication - INFO - authentication - package: mysql.connector.plugins
2023-01-06 18:24:07 - mysql.connector.authentication - INFO - authentication - plugin_name: caching_sha2_password
2023-01-06 18:24:07 - mysql.connector.authentication - INFO - authentication - AUTHENTICATION_PLUGIN_CLASS: MySQLCachingSHA2PasswordAuthPlugin
2023-01-06 18:33:19 - root - INFO - sql_task - Logger Completed!
2023-01-06 18:55:35 - root - INFO - sql_task - Logger Completed!
2023-01-06 18:55:35 - mysql.connector.authentication - INFO - authentication - package: mysql.connector.plugins
2023-01-06 18:55:35 - mysql.connector.authentication - INFO - authentication - plugin_name: caching_sha2_password
2023-01-06 18:55:35 - mysql.connector.authentication - INFO - authentication - AUTHENTICATION_PLUGIN_CLASS: MySQLCachingSHA2PasswordAuthPlugin
2023-01-06 18:55:37 - root - INFO - sql_task - Logger Completed!
2023-01-06 18:55:37 - mysql.connector.authentication - INFO - authentication - package: mysql.connector.plugins
2023-01-06 18:55:37 - mysql.connector.authentication - INFO - authentication - plugin_name: caching_sha2_password
2023-01-06 18:55:37 - mysql.connector.authentication - INFO - authentication - AUTHENTICATION_PLUGIN_CLASS: MySQLCachingSHA2PasswordAuthPlugin
2023-01-06 20:05:26 - root - INFO - sql_task - Logger Completed!
2023-01-06 20:05:26 - mysql.connector.authentication - INFO - authentication - package: mysql.connector.plugins
2023-01-06 20:05:26 - mysql.connector.authentication - INFO - authentication - plugin_name: caching_sha2_password
2023-01-06 20:05:26 - mysql.connector.authentication - INFO - authentication - AUTHENTICATION_PLUGIN_CLASS: MySQLCachingSHA2PasswordAuthPlugin
2023-01-06 20:12:36 - root - INFO - sql_task - Logger Completed!
2023-01-06 20:12:36 - mysql.connector.authentication - INFO - authentication - package: mysql.connector.plugins
2023-01-06 20:12:36 - mysql.connector.authentication - INFO - authentication - plugin_name: caching_sha2_password
2023-01-06 20:12:36 - mysql.connector.authentication - INFO - authentication - AUTHENTICATION_PLUGIN_CLASS: MySQLCachingSHA2PasswordAuthPlugin
2023-01-06 20:13:00 - root - INFO - sql_task - Logger Completed!
2023-01-06 20:13:00 - mysql.connector.authentication - INFO - authentication - package: mysql.connector.plugins
2023-01-06 20:13:00 - mysql.connector.authentication - INFO - authentication - plugin_name: caching_sha2_password
2023-01-06 20:13:00 - mysql.connector.authentication - INFO - authentication - AUTHENTICATION_PLUGIN_CLASS: MySQLCachingSHA2PasswordAuthPlugin
2023-01-06 20:19:07 - root - INFO - sql_task - Logger Completed!
2023-01-06 20:19:07 - mysql.connector.authentication - INFO - authentication - package: mysql.connector.plugins
2023-01-06 20:19:07 - mysql.connector.authentication - INFO - authentication - plugin_name: caching_sha2_password
2023-01-06 20:19:07 - mysql.connector.authentication - INFO - authentication - AUTHENTICATION_PLUGIN_CLASS: MySQLCachingSHA2PasswordAuthPlugin
2023-01-06 20:23:08 - root - INFO - sql_task - Logger Completed!
2023-01-06 20:23:08 - mysql.connector.authentication - INFO - authentication - package: mysql.connector.plugins
2023-01-06 20:23:08 - mysql.connector.authentication - INFO - authentication - plugin_name: caching_sha2_password
2023-01-06 20:23:08 - mysql.connector.authentication - INFO - authentication - AUTHENTICATION_PLUGIN_CLASS: MySQLCachingSHA2PasswordAuthPlugin
2023-01-06 21:00:33 - root - INFO - sql_task - Logger Completed!
2023-01-06 21:00:33 - mysql.connector.authentication - INFO - authentication - package: mysql.connector.plugins
2023-01-06 21:00:33 - mysql.connector.authentication - INFO - authentication - plugin_name: caching_sha2_password
2023-01-06 21:00:33 - mysql.connector.authentication - INFO - authentication - AUTHENTICATION_PLUGIN_CLASS: MySQLCachingSHA2PasswordAuthPlugin
2023-01-06 21:13:51 - root - INFO - sql_task - Logger Completed!
2023-01-06 21:13:51 - mysql.connector.authentication - INFO - authentication - package: mysql.connector.plugins
2023-01-06 21:13:51 - mysql.connector.authentication - INFO - authentication - plugin_name: caching_sha2_password
2023-01-06 21:13:51 - mysql.connector.authentication - INFO - authentication - AUTHENTICATION_PLUGIN_CLASS: MySQLCachingSHA2PasswordAuthPlugin
2023-01-07 11:19:42 - root - INFO - sql_task - Logger Completed!
2023-01-07 11:19:42 - mysql.connector.authentication - INFO - authentication - package: mysql.connector.plugins
2023-01-07 11:19:42 - mysql.connector.authentication - INFO - authentication - plugin_name: caching_sha2_password
2023-01-07 11:19:42 - mysql.connector.authentication - INFO - authentication - AUTHENTICATION_PLUGIN_CLASS: MySQLCachingSHA2PasswordAuthPlugin
2023-01-07 11:22:26 - root - INFO - sql_task - Logger Completed!
2023-01-07 11:22:26 - mysql.connector.authentication - INFO - authentication - package: mysql.connector.plugins
2023-01-07 11:22:26 - mysql.connector.authentication - INFO - authentication - plugin_name: caching_sha2_password
2023-01-07 11:22:26 - mysql.connector.authentication - INFO - authentication - AUTHENTICATION_PLUGIN_CLASS: MySQLCachingSHA2PasswordAuthPlugin
2023-01-07 11:23:26 - root - INFO - sql_task - Logger Completed!
2023-01-07 11:23:26 - mysql.connector.authentication - INFO - authentication - package: mysql.connector.plugins
2023-01-07 11:23:26 - mysql.connector.authentication - INFO - authentication - plugin_name: caching_sha2_password
2023-01-07 11:23:26 - mysql.connector.authentication - INFO - authentication - AUTHENTICATION_PLUGIN_CLASS: MySQLCachingSHA2PasswordAuthPlugin
2023-01-07 11:27:36 - root - INFO - sql_task - Logger Completed!
2023-01-07 11:27:36 - mysql.connector.authentication - INFO - authentication - package: mysql.connector.plugins
2023-01-07 11:27:36 - mysql.connector.authentication - INFO - authentication - plugin_name: caching_sha2_password
2023-01-07 11:27:36 - mysql.connector.authentication - INFO - authentication - AUTHENTICATION_PLUGIN_CLASS: MySQLCachingSHA2PasswordAuthPlugin
2023-01-07 12:34:18 - root - INFO - sql_task - Logger Completed!
2023-01-07 12:34:18 - mysql.connector.authentication - INFO - authentication - package: mysql.connector.plugins
2023-01-07 12:34:18 - mysql.connector.authentication - INFO - authentication - plugin_name: caching_sha2_password
2023-01-07 12:34:18 - mysql.connector.authentication - INFO - authentication - AUTHENTICATION_PLUGIN_CLASS: MySQLCachingSHA2PasswordAuthPlugin
2023-01-07 12:35:14 - root - INFO - sql_task - Logger Completed!
2023-01-07 12:37:37 - root - INFO - sql_task - Logger Completed!
2023-01-07 12:37:58 - root - INFO - sql_task - Logger Completed!
2023-01-07 12:49:00 - root - INFO - sql_task - Logger Completed!
2023-01-07 12:49:00 - root - INFO - sql_task - You're connected to database: new_schema
2023-01-07 12:49:00 - root - INFO - sql_task - MySQL connection is closed
2023-01-07 12:50:07 - root - INFO - sql_task - Logger Completed!
2023-01-07 12:50:52 - root - INFO - sql_task - Logger Completed!
2023-01-07 12:50:52 - mysql.connector.authentication - INFO - authentication - package: mysql.connector.plugins
2023-01-07 12:50:52 - mysql.connector.authentication - INFO - authentication - plugin_name: caching_sha2_password
2023-01-07 12:50:52 - mysql.connector.authentication - INFO - authentication - AUTHENTICATION_PLUGIN_CLASS: MySQLCachingSHA2PasswordAuthPlugin
2023-01-07 12:50:52 - root - INFO - sql_task - You're connected to database: new_schema
2023-01-07 12:50:52 - root - INFO - sql_task - MySQL connection is closed
2023-01-07 12:52:52 - root - INFO - sql_task - Logger Completed!
2023-01-07 12:52:53 - mysql.connector.authentication - INFO - authentication - package: mysql.connector.plugins
2023-01-07 12:52:53 - mysql.connector.authentication - INFO - authentication - plugin_name: caching_sha2_password
2023-01-07 12:52:53 - mysql.connector.authentication - INFO - authentication - AUTHENTICATION_PLUGIN_CLASS: MySQLCachingSHA2PasswordAuthPlugin
2023-01-07 12:52:53 - root - INFO - sql_task - Connected to MySQL Server version 8.0.31
2023-01-07 12:52:53 - root - INFO - sql_task - You're connected to database: new_schema
2023-01-07 12:52:53 - root - INFO - sql_task - MySQL connection is closed
2023-01-07 12:53:11 - root - INFO - sql_task - Logger Completed!
2023-01-07 12:53:11 - mysql.connector.authentication - INFO - authentication - package: mysql.connector.plugins
2023-01-07 12:53:11 - mysql.connector.authentication - INFO - authentication - plugin_name: caching_sha2_password
2023-01-07 12:53:11 - mysql.connector.authentication - INFO - authentication - AUTHENTICATION_PLUGIN_CLASS: MySQLCachingSHA2PasswordAuthPlugin
2023-01-07 12:53:11 - root - INFO - sql_task - Connected to MySQL Server version 8.0.31
2023-01-07 12:53:11 - root - INFO - sql_task - You're connected to database: new_schema
2023-01-07 12:53:11 - root - INFO - sql_task - MySQL connection is closed
2023-01-07 14:26:30 - root - INFO - sql_task - Logger Completed!
2023-01-07 14:32:31 - root - INFO - sql_task - Logger Completed!
2023-01-07 14:35:04 - root - INFO - sql_task - Logger Completed!
2023-01-07 14:35:04 - mysql.connector.authentication - INFO - authentication - package: mysql.connector.plugins
2023-01-07 14:35:04 - mysql.connector.authentication - INFO - authentication - plugin_name: caching_sha2_password
2023-01-07 14:35:04 - mysql.connector.authentication - INFO - authentication - AUTHENTICATION_PLUGIN_CLASS: MySQLCachingSHA2PasswordAuthPlugin
2023-01-07 14:35:04 - root - INFO - sql_task - Connected to MySQL Server version 8.0.31
2023-01-07 14:35:04 - root - INFO - sql_task - You're connected to database: new_schema
2023-01-07 14:35:04 - root - INFO - sql_task - MySQL connection is closed
2023-01-07 14:36:51 - root - INFO - sql_task - Logger Completed!
2023-01-07 14:36:52 - mysql.connector.authentication - INFO - authentication - package: mysql.connector.plugins
2023-01-07 14:36:52 - mysql.connector.authentication - INFO - authentication - plugin_name: caching_sha2_password
2023-01-07 14:36:52 - mysql.connector.authentication - INFO - authentication - AUTHENTICATION_PLUGIN_CLASS: MySQLCachingSHA2PasswordAuthPlugin
2023-01-07 14:37:36 - root - INFO - sql_task - Logger Completed!
2023-01-07 14:37:36 - mysql.connector.authentication - INFO - authentication - package: mysql.connector.plugins
2023-01-07 14:37:36 - mysql.connector.authentication - INFO - authentication - plugin_name: caching_sha2_password
2023-01-07 14:37:36 - mysql.connector.authentication - INFO - authentication - AUTHENTICATION_PLUGIN_CLASS: MySQLCachingSHA2PasswordAuthPlugin
2023-01-07 14:37:36 - root - INFO - sql_task - Connected to MySQL Server version 8.0.31
2023-01-07 14:37:36 - root - INFO - sql_task - You're connected to database: new_schema
2023-01-07 14:37:36 - root - INFO - sql_task - MySQL connection is closed
2023-01-07 14:37:44 - root - INFO - sql_task - Logger Completed!
2023-01-07 14:37:44 - mysql.connector.authentication - INFO - authentication - package: mysql.connector.plugins
2023-01-07 14:37:44 - mysql.connector.authentication - INFO - authentication - plugin_name: caching_sha2_password
2023-01-07 14:37:44 - mysql.connector.authentication - INFO - authentication - AUTHENTICATION_PLUGIN_CLASS: MySQLCachingSHA2PasswordAuthPlugin
2023-01-07 14:37:44 - root - INFO - sql_task - Connected to MySQL Server version 8.0.31
2023-01-07 14:37:44 - root - INFO - sql_task - You're connected to database: new_schema
2023-01-07 14:37:44 - root - INFO - sql_task - MySQL connection is closed
2023-01-07 14:37:59 - root - INFO - sql_task - Logger Completed!
2023-01-07 14:37:59 - mysql.connector.authentication - INFO - authentication - package: mysql.connector.plugins
2023-01-07 14:37:59 - mysql.connector.authentication - INFO - authentication - plugin_name: caching_sha2_password
2023-01-07 14:37:59 - mysql.connector.authentication - INFO - authentication - AUTHENTICATION_PLUGIN_CLASS: MySQLCachingSHA2PasswordAuthPlugin
2023-01-07 14:37:59 - root - INFO - sql_task - Connected to MySQL Server version 8.0.31
2023-01-07 14:37:59 - root - INFO - sql_task - You're connected to database: new_schema
2023-01-07 14:37:59 - root - INFO - sql_task - MySQL connection is closed
2023-01-07 14:38:07 - root - INFO - sql_task - Logger Completed!
2023-01-07 14:38:07 - mysql.connector.authentication - INFO - authentication - package: mysql.connector.plugins
2023-01-07 14:38:07 - mysql.connector.authentication - INFO - authentication - plugin_name: caching_sha2_password
2023-01-07 14:38:07 - mysql.connector.authentication - INFO - authentication - AUTHENTICATION_PLUGIN_CLASS: MySQLCachingSHA2PasswordAuthPlugin
2023-01-07 14:38:07 - root - INFO - sql_task - Connected to MySQL Server version 8.0.31
2023-01-07 14:38:07 - root - INFO - sql_task - You're connected to database: new_schema
2023-01-07 14:38:07 - root - INFO - sql_task - MySQL connection is closed
2023-01-07 14:38:57 - root - INFO - sql_task - Logger Completed!
2023-01-07 14:38:57 - mysql.connector.authentication - INFO - authentication - package: mysql.connector.plugins
2023-01-07 14:38:57 - mysql.connector.authentication - INFO - authentication - plugin_name: caching_sha2_password
2023-01-07 14:38:57 - mysql.connector.authentication - INFO - authentication - AUTHENTICATION_PLUGIN_CLASS: MySQLCachingSHA2PasswordAuthPlugin
2023-01-07 14:38:57 - root - INFO - sql_task - Connected to MySQL Server version 8.0.31
2023-01-07 14:38:57 - root - INFO - sql_task - You're connected to database: new_schema
2023-01-07 14:38:57 - root - INFO - sql_task - MySQL connection is closed
2023-01-07 14:45:55 - root - INFO - sql_task - Logger Completed!
2023-01-07 14:54:03 - root - INFO - sql_task - Logger Completed!
2023-01-07 14:54:03 - mysql.connector.authentication - INFO - authentication - package: mysql.connector.plugins
2023-01-07 14:54:03 - mysql.connector.authentication - INFO - authentication - plugin_name: caching_sha2_password
2023-01-07 14:54:03 - mysql.connector.authentication - INFO - authentication - AUTHENTICATION_PLUGIN_CLASS: MySQLCachingSHA2PasswordAuthPlugin
2023-01-07 14:54:03 - root - INFO - sql_task - Connected to MySQL Server version 8.0.31
2023-01-07 14:54:03 - root - INFO - sql_task - You're connected to database: new_schema
2023-01-07 14:54:03 - root - INFO - sql_task - MySQL connection is closed
2023-01-07 15:01:36 - root - INFO - sql_task - Logger Completed!
2023-01-07 15:04:45 - root - INFO - sql_task - Logger Completed!
2023-01-07 15:08:31 - root - INFO - sql_task - Logger Completed!
2023-01-07 15:10:34 - root - INFO - sql_task - Logger Completed!
2023-01-07 15:10:34 - mysql.connector.authentication - INFO - authentication - package: mysql.connector.plugins
2023-01-07 15:10:34 - mysql.connector.authentication - INFO - authentication - plugin_name: caching_sha2_password
2023-01-07 15:10:34 - mysql.connector.authentication - INFO - authentication - AUTHENTICATION_PLUGIN_CLASS: MySQLCachingSHA2PasswordAuthPlugin
2023-01-07 15:10:34 - root - INFO - sql_task - Connected to MySQL Server version 8.0.31
2023-01-07 15:10:34 - root - INFO - sql_task - You're connected to database: new_schema
2023-01-07 15:10:34 - root - INFO - sql_task - MySQL connection is closed
2023-01-07 15:27:25 - root - INFO - sql_task - Logger Completed!
2023-01-07 17:51:59 - root - INFO - sql_task - Logger Completed!
2023-01-07 17:51:59 - mysql.connector.authentication - INFO - authentication - package: mysql.connector.plugins
2023-01-07 17:51:59 - mysql.connector.authentication - INFO - authentication - plugin_name: caching_sha2_password
2023-01-07 17:51:59 - mysql.connector.authentication - INFO - authentication - AUTHENTICATION_PLUGIN_CLASS: MySQLCachingSHA2PasswordAuthPlugin
2023-01-07 17:51:59 - root - INFO - sql_task - Connected to MySQL Server version 8.0.31
2023-01-07 17:51:59 - root - INFO - sql_task - You're connected to database: new_schema
2023-01-07 17:53:14 - root - INFO - sql_task - Logger Completed!
2023-01-07 17:53:14 - mysql.connector.authentication - INFO - authentication - package: mysql.connector.plugins
2023-01-07 17:53:14 - mysql.connector.authentication - INFO - authentication - plugin_name: caching_sha2_password
2023-01-07 17:53:14 - mysql.connector.authentication - INFO - authentication - AUTHENTICATION_PLUGIN_CLASS: MySQLCachingSHA2PasswordAuthPlugin
2023-01-07 17:53:14 - root - INFO - sql_task - Connected to MySQL Server version 8.0.31
2023-01-07 17:53:14 - root - INFO - sql_task - You're connected to database: new_schema
2023-01-07 17:55:55 - root - INFO - sql_task - Logger Completed!
2023-01-07 17:55:55 - mysql.connector.authentication - INFO - authentication - package: mysql.connector.plugins
2023-01-07 17:55:55 - mysql.connector.authentication - INFO - authentication - plugin_name: caching_sha2_password
2023-01-07 17:55:55 - mysql.connector.authentication - INFO - authentication - AUTHENTICATION_PLUGIN_CLASS: MySQLCachingSHA2PasswordAuthPlugin
2023-01-07 17:55:55 - root - INFO - sql_task - Connected to MySQL Server version 8.0.31
2023-01-07 17:55:55 - root - INFO - sql_task - You're connected to database: new_schema
2023-01-07 18:03:33 - root - INFO - sql_task - Logger Completed!
2023-01-07 18:03:33 - mysql.connector.authentication - INFO - authentication - package: mysql.connector.plugins
2023-01-07 18:03:33 - mysql.connector.authentication - INFO - authentication - plugin_name: caching_sha2_password
2023-01-07 18:03:33 - mysql.connector.authentication - INFO - authentication - AUTHENTICATION_PLUGIN_CLASS: MySQLCachingSHA2PasswordAuthPlugin
2023-01-07 18:03:33 - root - INFO - sql_task - Connected to MySQL Server version 8.0.31
2023-01-07 18:03:33 - root - INFO - sql_task - You're connected to database: new_schema
2023-01-07 18:11:46 - root - INFO - sql_task - Logger Completed!
2023-01-07 18:11:46 - mysql.connector.authentication - INFO - authentication - package: mysql.connector.plugins
2023-01-07 18:11:46 - mysql.connector.authentication - INFO - authentication - plugin_name: caching_sha2_password
2023-01-07 18:11:46 - mysql.connector.authentication - INFO - authentication - AUTHENTICATION_PLUGIN_CLASS: MySQLCachingSHA2PasswordAuthPlugin
2023-01-07 18:11:46 - root - INFO - sql_task - Connected to MySQL Server version 8.0.31
2023-01-07 18:11:46 - root - INFO - sql_task - You're connected to database: new_schema
2023-01-07 18:12:37 - root - INFO - sql_task - Logger Completed!
2023-01-07 18:12:37 - mysql.connector.authentication - INFO - authentication - package: mysql.connector.plugins
2023-01-07 18:12:37 - mysql.connector.authentication - INFO - authentication - plugin_name: caching_sha2_password
2023-01-07 18:12:37 - mysql.connector.authentication - INFO - authentication - AUTHENTICATION_PLUGIN_CLASS: MySQLCachingSHA2PasswordAuthPlugin
2023-01-07 18:12:37 - root - INFO - sql_task - Connected to MySQL Server version 8.0.31
2023-01-07 18:12:37 - root - INFO - sql_task - You're connected to database: new_schema
2023-01-07 18:15:18 - root - INFO - sql_task - Logger Completed!
2023-01-07 18:15:18 - mysql.connector.authentication - INFO - authentication - package: mysql.connector.plugins
2023-01-07 18:15:18 - mysql.connector.authentication - INFO - authentication - plugin_name: caching_sha2_password
2023-01-07 18:15:18 - mysql.connector.authentication - INFO - authentication - AUTHENTICATION_PLUGIN_CLASS: MySQLCachingSHA2PasswordAuthPlugin
2023-01-07 18:15:18 - root - INFO - sql_task - Connected to MySQL Server version 8.0.31
2023-01-07 18:15:18 - root - INFO - sql_task - You're connected to database: new_schema
2023-01-07 18:41:02 - root - INFO - sql_task - Logger Completed!
2023-01-07 18:41:02 - mysql.connector.authentication - INFO - authentication - package: mysql.connector.plugins
2023-01-07 18:41:02 - mysql.connector.authentication - INFO - authentication - plugin_name: caching_sha2_password
2023-01-07 18:41:02 - mysql.connector.authentication - INFO - authentication - AUTHENTICATION_PLUGIN_CLASS: MySQLCachingSHA2PasswordAuthPlugin
2023-01-07 18:41:02 - root - INFO - sql_task - Connected to MySQL Server version 8.0.31
2023-01-07 18:41:02 - root - INFO - sql_task - You're connected to database: new_schema
2023-01-07 18:42:46 - root - INFO - sql_task - Logger Completed!
2023-01-07 18:42:46 - mysql.connector.authentication - INFO - authentication - package: mysql.connector.plugins
2023-01-07 18:42:46 - mysql.connector.authentication - INFO - authentication - plugin_name: caching_sha2_password
2023-01-07 18:42:46 - mysql.connector.authentication - INFO - authentication - AUTHENTICATION_PLUGIN_CLASS: MySQLCachingSHA2PasswordAuthPlugin
2023-01-07 18:42:46 - root - INFO - sql_task - Connected to MySQL Server version 8.0.31
2023-01-07 18:42:46 - root - INFO - sql_task - You're connected to database: new_schema
2023-01-07 18:45:21 - root - INFO - sql_task - Logger Completed!
2023-01-07 18:45:21 - mysql.connector.authentication - INFO - authentication - package: mysql.connector.plugins
2023-01-07 18:45:21 - mysql.connector.authentication - INFO - authentication - plugin_name: caching_sha2_password
2023-01-07 18:45:21 - mysql.connector.authentication - INFO - authentication - AUTHENTICATION_PLUGIN_CLASS: MySQLCachingSHA2PasswordAuthPlugin
2023-01-07 18:45:21 - root - INFO - sql_task - Connected to MySQL Server version 8.0.31
2023-01-07 18:45:21 - root - INFO - sql_task - You're connected to database: new_schema
2023-01-12 17:15:03 - root - INFO - sql_task - Logger Completed!
2023-01-12 17:15:03 - mysql.connector.authentication - INFO - authentication - package: mysql.connector.plugins
2023-01-12 17:15:03 - mysql.connector.authentication - INFO - authentication - plugin_name: caching_sha2_password
2023-01-12 17:15:03 - mysql.connector.authentication - INFO - authentication - AUTHENTICATION_PLUGIN_CLASS: MySQLCachingSHA2PasswordAuthPlugin
2023-01-12 17:15:03 - root - INFO - sql_task - Connected to MySQL Server version 8.0.31
2023-01-12 17:15:03 - root - INFO - sql_task - You're connected to database: new_schema
2023-01-12 17:15:18 - root - INFO - sql_task - Logger Completed!
2023-01-12 17:15:18 - mysql.connector.authentication - INFO - authentication - package: mysql.connector.plugins
2023-01-12 17:15:18 - mysql.connector.authentication - INFO - authentication - plugin_name: caching_sha2_password
2023-01-12 17:15:18 - mysql.connector.authentication - INFO - authentication - AUTHENTICATION_PLUGIN_CLASS: MySQLCachingSHA2PasswordAuthPlugin
2023-01-12 17:15:18 - root - INFO - sql_task - Connected to MySQL Server version 8.0.31
2023-01-12 17:15:18 - root - INFO - sql_task - You're connected to database: new_schema
2023-01-18 17:53:10 - root - INFO - sql_task - Logger Completed!
2023-01-18 17:53:10 - mysql.connector.authentication - INFO - authentication - package: mysql.connector.plugins
2023-01-18 17:53:10 - mysql.connector.authentication - INFO - authentication - plugin_name: caching_sha2_password
2023-01-18 17:53:10 - mysql.connector.authentication - INFO - authentication - AUTHENTICATION_PLUGIN_CLASS: MySQLCachingSHA2PasswordAuthPlugin
2023-01-18 17:53:10 - root - INFO - sql_task - Connected to MySQL Server version 8.0.31
2023-01-18 17:53:10 - root - INFO - sql_task - You're connected to database: new_schema
2023-02-14 21:19:09 - root - INFO - sql_task - Logger Completed!
2023-02-14 21:21:28 - root - INFO - sql_task - Logger Completed!
2023-02-14 21:22:04 - root - INFO - sql_task - Logger Completed!
2023-02-14 21:22:05 - mysql.connector.authentication - INFO - authentication - package: mysql.connector.plugins
2023-02-14 21:22:05 - mysql.connector.authentication - INFO - authentication - plugin_name: caching_sha2_password
2023-02-14 21:22:05 - mysql.connector.authentication - INFO - authentication - AUTHENTICATION_PLUGIN_CLASS: MySQLCachingSHA2PasswordAuthPlugin
2023-02-14 21:22:05 - root - INFO - sql_task - Connected to MySQL Server version 8.0.31
2023-02-14 21:22:05 - root - INFO - sql_task - You're connected to database: new_schema
2023-02-14 21:22:45 - root - INFO - sql_task - Logger Completed!
2023-02-14 21:22:46 - mysql.connector.authentication - INFO - authentication - package: mysql.connector.plugins
2023-02-14 21:22:46 - mysql.connector.authentication - INFO - authentication - plugin_name: caching_sha2_password
2023-02-14 21:22:46 - mysql.connector.authentication - INFO - authentication - AUTHENTICATION_PLUGIN_CLASS: MySQLCachingSHA2PasswordAuthPlugin
2023-02-14 21:22:46 - root - INFO - sql_task - Connected to MySQL Server version 8.0.31
2023-02-14 21:22:46 - root - INFO - sql_task - You're connected to database: new_schema
2023-02-14 21:24:43 - root - INFO - sql_task - Logger Completed!
2023-02-14 21:24:44 - mysql.connector.authentication - INFO - authentication - package: mysql.connector.plugins
2023-02-14 21:24:44 - mysql.connector.authentication - INFO - authentication - plugin_name: caching_sha2_password
2023-02-14 21:24:44 - mysql.connector.authentication - INFO - authentication - AUTHENTICATION_PLUGIN_CLASS: MySQLCachingSHA2PasswordAuthPlugin
2023-02-14 21:24:44 - root - INFO - sql_task - Connected to MySQL Server version 8.0.31
2023-02-14 21:24:44 - root - INFO - sql_task - You're connected to database: new_schema
2023-02-14 21:25:52 - root - INFO - sql_task - Logger Completed!
2023-02-14 21:25:52 - mysql.connector.authentication - INFO - authentication - package: mysql.connector.plugins
2023-02-14 21:25:52 - mysql.connector.authentication - INFO - authentication - plugin_name: caching_sha2_password
2023-02-14 21:25:52 - mysql.connector.authentication - INFO - authentication - AUTHENTICATION_PLUGIN_CLASS: MySQLCachingSHA2PasswordAuthPlugin
2023-02-14 21:25:52 - root - INFO - sql_task - Connected to MySQL Server version 8.0.31
2023-02-14 21:25:52 - root - INFO - sql_task - You're connected to database: test
2023-02-14 21:27:19 - root - INFO - sql_task - Logger Completed!
2023-02-14 21:27:19 - mysql.connector.authentication - INFO - authentication - package: mysql.connector.plugins
2023-02-14 21:27:19 - mysql.connector.authentication - INFO - authentication - plugin_name: caching_sha2_password
2023-02-14 21:27:19 - mysql.connector.authentication - INFO - authentication - AUTHENTICATION_PLUGIN_CLASS: MySQLCachingSHA2PasswordAuthPlugin
2023-02-14 21:27:19 - root - INFO - sql_task - Connected to MySQL Server version 8.0.31
2023-02-14 21:27:19 - root - INFO - sql_task - You're connected to database: test
2023-02-14 21:29:05 - root - INFO - sql_task - Logger Completed!
2023-02-14 21:29:11 - root - INFO - sql_task - Logger Completed!
2023-02-14 21:30:40 - root - INFO - sql_task - Logger Completed!
2023-02-14 21:31:15 - root - INFO - sql_task - Logger Completed!
2023-02-14 21:31:44 - root - INFO - sql_task - Logger Completed!
2023-02-14 21:32:25 - root - INFO - sql_task - Logger Completed!
2023-02-14 21:32:47 - root - INFO - sql_task - Logger Completed!
2023-02-14 21:33:27 - root - INFO - sql_task - Logger Completed!
2023-02-14 21:33:28 - mysql.connector.authentication - INFO - authentication - package: mysql.connector.plugins
2023-02-14 21:33:28 - mysql.connector.authentication - INFO - authentication - plugin_name: caching_sha2_password
2023-02-14 21:33:28 - mysql.connector.authentication - INFO - authentication - AUTHENTICATION_PLUGIN_CLASS: MySQLCachingSHA2PasswordAuthPlugin
2023-02-14 21:33:28 - root - INFO - sql_task - Connected to MySQL Server version 8.0.31
2023-02-14 21:33:28 - root - INFO - sql_task - You're connected to database: test
2023-02-14 21:33:30 - root - INFO - sql_task - Logger Completed!
2023-02-14 21:33:31 - mysql.connector.authentication - INFO - authentication - package: mysql.connector.plugins
2023-02-14 21:33:31 - mysql.connector.authentication - INFO - authentication - plugin_name: caching_sha2_password
2023-02-14 21:33:31 - mysql.connector.authentication - INFO - authentication - AUTHENTICATION_PLUGIN_CLASS: MySQLCachingSHA2PasswordAuthPlugin
2023-02-14 21:33:31 - root - INFO - sql_task - Connected to MySQL Server version 8.0.31
2023-02-14 21:33:31 - root - INFO - sql_task - You're connected to database: test
2023-02-14 21:33:34 - root - INFO - sql_task - Logger Completed!
2023-02-14 21:33:34 - mysql.connector.authentication - INFO - authentication - package: mysql.connector.plugins
2023-02-14 21:33:34 - mysql.connector.authentication - INFO - authentication - plugin_name: caching_sha2_password
2023-02-14 21:33:34 - mysql.connector.authentication - INFO - authentication - AUTHENTICATION_PLUGIN_CLASS: MySQLCachingSHA2PasswordAuthPlugin
2023-02-14 21:33:34 - root - INFO - sql_task - Connected to MySQL Server version 8.0.31
2023-02-14 21:33:34 - root - INFO - sql_task - You're connected to database: test
2023-02-14 21:34:28 - root - INFO - sql_task - Logger Completed!
2023-02-14 21:46:15 - root - INFO - sql_task - Logger Completed!
2023-02-14 21:47:15 - root - INFO - sql_task - Logger Completed!
2023-02-14 21:47:18 - root - INFO - sql_task - Logger Completed!
2023-02-14 21:48:06 - root - INFO - sql_task - Logger Completed!
2023-02-14 21:53:53 - root - INFO - sql_task - Logger Completed!
2023-02-14 21:53:57 - root - INFO - sql_task - Logger Completed!
2023-02-14 21:53:59 - root - INFO - sql_task - Logger Completed!
2023-02-14 21:54:50 - root - INFO - sql_task - Logger Completed!
2023-02-14 21:54:51 - root - INFO - sql_task - Logger Completed!
2023-02-14 21:55:02 - root - INFO - sql_task - Logger Completed!
2023-02-14 21:55:04 - root - INFO - sql_task - Logger Completed!
2023-02-14 21:55:32 - root - INFO - sql_task - Logger Completed!
2023-02-14 21:56:24 - root - INFO - sql_task - Logger Completed!
2023-02-14 21:56:31 - root - INFO - sql_task - Logger Completed!
2023-02-14 21:57:11 - root - INFO - sql_task - Logger Completed!
2023-02-14 21:58:28 - root - INFO - sql_task - Logger Completed!
2023-02-14 22:00:41 - root - INFO - sql_task - Logger Completed!
2023-02-14 22:00:42 - root - INFO - sql_task - Logger Completed!
2023-02-14 22:06:48 - root - INFO - sql_task - Logger Completed!
2023-02-14 22:06:50 - root - INFO - sql_task - Logger Completed!
2023-02-14 22:12:24 - root - INFO - sql_task - Logger Completed!
2023-02-14 22:12:24 - mysql.connector.authentication - INFO - authentication - package: mysql.connector.plugins
2023-02-14 22:12:24 - mysql.connector.authentication - INFO - authentication - plugin_name: caching_sha2_password
2023-02-14 22:12:24 - mysql.connector.authentication - INFO - authentication - AUTHENTICATION_PLUGIN_CLASS: MySQLCachingSHA2PasswordAuthPlugin
2023-02-14 22:12:24 - root - INFO - sql_task - Connected to MySQL Server version 8.0.31
2023-02-14 22:12:24 - root - INFO - sql_task - You're connected to database: test
2023-02-14 22:12:27 - root - INFO - sql_task - Logger Completed!
2023-02-14 22:12:28 - mysql.connector.authentication - INFO - authentication - package: mysql.connector.plugins
2023-02-14 22:12:28 - mysql.connector.authentication - INFO - authentication - plugin_name: caching_sha2_password
2023-02-14 22:12:28 - mysql.connector.authentication - INFO - authentication - AUTHENTICATION_PLUGIN_CLASS: MySQLCachingSHA2PasswordAuthPlugin
2023-02-14 22:12:28 - root - INFO - sql_task - Connected to MySQL Server version 8.0.31
2023-02-14 22:12:28 - root - INFO - sql_task - You're connected to database: test
2023-02-14 22:13:14 - root - INFO - sql_task - Logger Completed!
2023-02-14 22:13:15 - mysql.connector.authentication - INFO - authentication - package: mysql.connector.plugins
2023-02-14 22:13:15 - mysql.connector.authentication - INFO - authentication - plugin_name: caching_sha2_password
2023-02-14 22:13:15 - mysql.connector.authentication - INFO - authentication - AUTHENTICATION_PLUGIN_CLASS: MySQLCachingSHA2PasswordAuthPlugin
2023-02-14 22:13:15 - root - INFO - sql_task - Connected to MySQL Server version 8.0.31
2023-02-14 22:13:15 - root - INFO - sql_task - You're connected to database: test
2023-02-14 22:14:05 - root - INFO - sql_task - Logger Completed!
2023-02-14 22:14:06 - mysql.connector.authentication - INFO - authentication - package: mysql.connector.plugins
2023-02-14 22:14:06 - mysql.connector.authentication - INFO - authentication - plugin_name: caching_sha2_password
2023-02-14 22:14:06 - mysql.connector.authentication - INFO - authentication - AUTHENTICATION_PLUGIN_CLASS: MySQLCachingSHA2PasswordAuthPlugin
2023-02-14 22:14:06 - root - INFO - sql_task - Connected to MySQL Server version 8.0.31
2023-02-14 22:14:06 - root - INFO - sql_task - You're connected to database: test
2023-02-14 22:16:06 - root - INFO - sql_task - Logger Completed!
2023-02-14 22:16:06 - mysql.connector.authentication - INFO - authentication - package: mysql.connector.plugins
2023-02-14 22:16:06 - mysql.connector.authentication - INFO - authentication - plugin_name: caching_sha2_password
2023-02-14 22:16:06 - mysql.connector.authentication - INFO - authentication - AUTHENTICATION_PLUGIN_CLASS: MySQLCachingSHA2PasswordAuthPlugin
2023-02-14 22:16:06 - root - INFO - sql_task - Connected to MySQL Server version 8.0.31
2023-02-14 22:16:06 - root - INFO - sql_task - You're connected to database: test
2023-02-14 22:16:09 - root - INFO - sql_task - Logger Completed!
2023-02-14 22:16:09 - mysql.connector.authentication - INFO - authentication - package: mysql.connector.plugins
2023-02-14 22:16:09 - mysql.connector.authentication - INFO - authentication - plugin_name: caching_sha2_password
2023-02-14 22:16:09 - mysql.connector.authentication - INFO - authentication - AUTHENTICATION_PLUGIN_CLASS: MySQLCachingSHA2PasswordAuthPlugin
2023-02-14 22:16:09 - root - INFO - sql_task - Connected to MySQL Server version 8.0.31
2023-02-14 22:16:09 - root - INFO - sql_task - You're connected to database: test
2023-02-14 22:16:22 - root - INFO - sql_task - Logger Completed!
2023-02-14 22:16:22 - mysql.connector.authentication - INFO - authentication - package: mysql.connector.plugins
2023-02-14 22:16:22 - mysql.connector.authentication - INFO - authentication - plugin_name: caching_sha2_password
2023-02-14 22:16:22 - mysql.connector.authentication - INFO - authentication - AUTHENTICATION_PLUGIN_CLASS: MySQLCachingSHA2PasswordAuthPlugin
2023-02-14 22:16:22 - root - INFO - sql_task - Connected to MySQL Server version 8.0.31
2023-02-14 22:16:22 - root - INFO - sql_task - You're connected to database: test
2023-02-14 22:21:56 - root - INFO - sql_task - Logger Completed!
2023-02-14 22:21:56 - mysql.connector.authentication - INFO - authentication - package: mysql.connector.plugins
2023-02-14 22:21:56 - mysql.connector.authentication - INFO - authentication - plugin_name: caching_sha2_password
2023-02-14 22:21:56 - mysql.connector.authentication - INFO - authentication - AUTHENTICATION_PLUGIN_CLASS: MySQLCachingSHA2PasswordAuthPlugin
2023-02-14 22:21:56 - root - INFO - sql_task - Connected to MySQL Server version 8.0.31
2023-02-14 22:21:56 - root - INFO - sql_task - You're connected to database: test
2023-02-14 22:22:19 - root - INFO - sql_task - Logger Completed!
2023-02-14 22:22:19 - mysql.connector.authentication - INFO - authentication - package: mysql.connector.plugins
2023-02-14 22:22:19 - mysql.connector.authentication - INFO - authentication - plugin_name: caching_sha2_password
2023-02-14 22:22:19 - mysql.connector.authentication - INFO - authentication - AUTHENTICATION_PLUGIN_CLASS: MySQLCachingSHA2PasswordAuthPlugin
2023-02-14 22:22:19 - root - INFO - sql_task - Connected to MySQL Server version 8.0.31
2023-02-14 22:22:19 - root - INFO - sql_task - You're connected to database: test
2023-02-14 22:24:24 - root - INFO - sql_task - Logger Completed!
2023-02-14 22:24:24 - mysql.connector.authentication - INFO - authentication - package: mysql.connector.plugins
2023-02-14 22:24:24 - mysql.connector.authentication - INFO - authentication - plugin_name: caching_sha2_password
2023-02-14 22:24:24 - mysql.connector.authentication - INFO - authentication - AUTHENTICATION_PLUGIN_CLASS: MySQLCachingSHA2PasswordAuthPlugin
2023-02-14 22:24:24 - root - INFO - sql_task - Connected to MySQL Server version 8.0.31
2023-02-14 22:24:24 - root - INFO - sql_task - You're connected to database: test
2023-02-14 22:25:59 - root - INFO - sql_task - Logger Completed!
2023-02-14 22:26:24 - root - INFO - sql_task - Logger Completed!
2023-02-14 22:28:56 - root - INFO - sql_task - Logger Completed!
2023-02-14 22:28:56 - mysql.connector.authentication - INFO - authentication - package: mysql.connector.plugins
2023-02-14 22:28:56 - mysql.connector.authentication - INFO - authentication - plugin_name: caching_sha2_password
2023-02-14 22:28:56 - mysql.connector.authentication - INFO - authentication - AUTHENTICATION_PLUGIN_CLASS: MySQLCachingSHA2PasswordAuthPlugin
2023-02-14 22:28:56 - root - INFO - sql_task - Connected to MySQL Server version 8.0.31
2023-02-14 22:28:56 - root - INFO - sql_task - You're connected to database: test
2023-02-14 22:29:31 - root - INFO - sql_task - Logger Completed!
2023-02-14 22:29:32 - mysql.connector.authentication - INFO - authentication - package: mysql.connector.plugins
2023-02-14 22:29:32 - mysql.connector.authentication - INFO - authentication - plugin_name: caching_sha2_password
2023-02-14 22:29:32 - mysql.connector.authentication - INFO - authentication - AUTHENTICATION_PLUGIN_CLASS: MySQLCachingSHA2PasswordAuthPlugin
2023-02-14 22:29:32 - root - INFO - sql_task - Connected to MySQL Server version 8.0.31
2023-02-14 22:29:32 - root - INFO - sql_task - You're connected to database: test
2023-02-14 22:29:33 - root - INFO - sql_task - Logger Completed!
2023-02-14 22:29:33 - mysql.connector.authentication - INFO - authentication - package: mysql.connector.plugins
2023-02-14 22:29:33 - mysql.connector.authentication - INFO - authentication - plugin_name: caching_sha2_password
2023-02-14 22:29:33 - mysql.connector.authentication - INFO - authentication - AUTHENTICATION_PLUGIN_CLASS: MySQLCachingSHA2PasswordAuthPlugin
2023-02-14 22:29:33 - root - INFO - sql_task - Connected to MySQL Server version 8.0.31
2023-02-14 22:29:33 - root - INFO - sql_task - You're connected to database: test
2023-02-14 22:32:42 - root - INFO - sql_task - Logger Completed!
2023-02-14 22:32:43 - mysql.connector.authentication - INFO - authentication - package: mysql.connector.plugins
2023-02-14 22:32:43 - mysql.connector.authentication - INFO - authentication - plugin_name: caching_sha2_password
2023-02-14 22:32:43 - mysql.connector.authentication - INFO - authentication - AUTHENTICATION_PLUGIN_CLASS: MySQLCachingSHA2PasswordAuthPlugin
2023-02-14 22:32:43 - root - INFO - sql_task - Connected to MySQL Server version 8.0.31
2023-02-14 22:32:43 - root - INFO - sql_task - You're connected to database: test
2023-02-14 22:32:46 - root - INFO - sql_task - Logger Completed!
2023-02-14 22:32:47 - mysql.connector.authentication - INFO - authentication - package: mysql.connector.plugins
2023-02-14 22:32:47 - mysql.connector.authentication - INFO - authentication - plugin_name: caching_sha2_password
2023-02-14 22:32:47 - mysql.connector.authentication - INFO - authentication - AUTHENTICATION_PLUGIN_CLASS: MySQLCachingSHA2PasswordAuthPlugin
2023-02-14 22:32:47 - root - INFO - sql_task - Connected to MySQL Server version 8.0.31
2023-02-14 22:32:47 - root - INFO - sql_task - You're connected to database: test
2023-02-14 22:34:43 - root - INFO - sql_task - Logger Completed!
2023-02-14 22:34:43 - mysql.connector.authentication - INFO - authentication - package: mysql.connector.plugins
2023-02-14 22:34:43 - mysql.connector.authentication - INFO - authentication - plugin_name: caching_sha2_password
2023-02-14 22:34:43 - mysql.connector.authentication - INFO - authentication - AUTHENTICATION_PLUGIN_CLASS: MySQLCachingSHA2PasswordAuthPlugin
2023-02-14 22:34:43 - root - INFO - sql_task - Connected to MySQL Server version 8.0.31
2023-02-14 22:34:43 - root - INFO - sql_task - You're connected to database: test
2023-02-14 22:35:16 - root - INFO - sql_task - Logger Completed!
2023-02-14 22:35:16 - mysql.connector.authentication - INFO - authentication - package: mysql.connector.plugins
2023-02-14 22:35:16 - mysql.connector.authentication - INFO - authentication - plugin_name: caching_sha2_password
2023-02-14 22:35:16 - mysql.connector.authentication - INFO - authentication - AUTHENTICATION_PLUGIN_CLASS: MySQLCachingSHA2PasswordAuthPlugin
2023-02-14 22:35:16 - root - INFO - sql_task - Connected to MySQL Server version 8.0.31
2023-02-14 22:35:16 - root - INFO - sql_task - You're connected to database: test
2023-02-14 22:41:06 - root - INFO - sql_task - Logger Completed!
2023-02-14 22:41:06 - mysql.connector.authentication - INFO - authentication - package: mysql.connector.plugins
2023-02-14 22:41:06 - mysql.connector.authentication - INFO - authentication - plugin_name: caching_sha2_password
2023-02-14 22:41:06 - mysql.connector.authentication - INFO - authentication - AUTHENTICATION_PLUGIN_CLASS: MySQLCachingSHA2PasswordAuthPlugin
2023-02-14 22:41:06 - root - INFO - sql_task - Connected to MySQL Server version 8.0.31
2023-02-14 22:41:06 - root - INFO - sql_task - You're connected to database: test
2023-02-14 22:41:08 - root - INFO - sql_task - Logger Completed!
2023-02-14 22:41:08 - mysql.connector.authentication - INFO - authentication - package: mysql.connector.plugins
2023-02-14 22:41:08 - mysql.connector.authentication - INFO - authentication - plugin_name: caching_sha2_password
2023-02-14 22:41:08 - mysql.connector.authentication - INFO - authentication - AUTHENTICATION_PLUGIN_CLASS: MySQLCachingSHA2PasswordAuthPlugin
2023-02-14 22:41:08 - root - INFO - sql_task - Connected to MySQL Server version 8.0.31
2023-02-14 22:41:08 - root - INFO - sql_task - You're connected to database: test
2023-02-14 22:41:14 - root - INFO - sql_task - Logger Completed!
2023-02-14 22:41:14 - mysql.connector.authentication - INFO - authentication - package: mysql.connector.plugins
2023-02-14 22:41:14 - mysql.connector.authentication - INFO - authentication - plugin_name: caching_sha2_password
2023-02-14 22:41:14 - mysql.connector.authentication - INFO - authentication - AUTHENTICATION_PLUGIN_CLASS: MySQLCachingSHA2PasswordAuthPlugin
2023-02-14 22:41:14 - root - INFO - sql_task - Connected to MySQL Server version 8.0.31
2023-02-14 22:41:14 - root - INFO - sql_task - You're connected to database: test
2023-02-14 22:41:23 - root - INFO - sql_task - Logger Completed!
2023-02-14 22:41:23 - mysql.connector.authentication - INFO - authentication - package: mysql.connector.plugins
2023-02-14 22:41:23 - mysql.connector.authentication - INFO - authentication - plugin_name: caching_sha2_password
2023-02-14 22:41:23 - mysql.connector.authentication - INFO - authentication - AUTHENTICATION_PLUGIN_CLASS: MySQLCachingSHA2PasswordAuthPlugin
2023-02-14 22:41:23 - root - INFO - sql_task - Connected to MySQL Server version 8.0.31
2023-02-14 22:41:23 - root - INFO - sql_task - You're connected to database: test
2023-02-14 22:41:44 - root - INFO - sql_task - Logger Completed!
2023-02-14 22:41:45 - mysql.connector.authentication - INFO - authentication - package: mysql.connector.plugins
2023-02-14 22:41:45 - mysql.connector.authentication - INFO - authentication - plugin_name: caching_sha2_password
2023-02-14 22:41:45 - mysql.connector.authentication - INFO - authentication - AUTHENTICATION_PLUGIN_CLASS: MySQLCachingSHA2PasswordAuthPlugin
2023-02-14 22:41:45 - root - INFO - sql_task - Connected to MySQL Server version 8.0.31
2023-02-14 22:41:45 - root - INFO - sql_task - You're connected to database: test
2023-02-14 22:44:13 - root - INFO - sql_task - Logger Completed!
2023-02-14 22:44:14 - mysql.connector.authentication - INFO - authentication - package: mysql.connector.plugins
2023-02-14 22:44:14 - mysql.connector.authentication - INFO - authentication - plugin_name: caching_sha2_password
2023-02-14 22:44:14 - mysql.connector.authentication - INFO - authentication - AUTHENTICATION_PLUGIN_CLASS: MySQLCachingSHA2PasswordAuthPlugin
2023-02-14 22:44:14 - root - INFO - sql_task - Connected to MySQL Server version 8.0.31
2023-02-14 22:44:14 - root - INFO - sql_task - You're connected to database: test
2023-02-14 22:44:31 - root - INFO - sql_task - Logger Completed!
2023-02-14 22:44:31 - mysql.connector.authentication - INFO - authentication - package: mysql.connector.plugins
2023-02-14 22:44:31 - mysql.connector.authentication - INFO - authentication - plugin_name: caching_sha2_password
2023-02-14 22:44:31 - mysql.connector.authentication - INFO - authentication - AUTHENTICATION_PLUGIN_CLASS: MySQLCachingSHA2PasswordAuthPlugin
2023-02-14 22:44:31 - root - INFO - sql_task - Connected to MySQL Server version 8.0.31
2023-02-14 22:44:31 - root - INFO - sql_task - You're connected to database: test
2023-02-14 22:44:49 - root - INFO - sql_task - Logger Completed!
2023-02-14 22:44:50 - mysql.connector.authentication - INFO - authentication - package: mysql.connector.plugins
2023-02-14 22:44:50 - mysql.connector.authentication - INFO - authentication - plugin_name: caching_sha2_password
2023-02-14 22:44:50 - mysql.connector.authentication - INFO - authentication - AUTHENTICATION_PLUGIN_CLASS: MySQLCachingSHA2PasswordAuthPlugin
2023-02-14 22:44:50 - root - INFO - sql_task - Connected to MySQL Server version 8.0.31
2023-02-14 22:44:50 - root - INFO - sql_task - You're connected to database: test
2023-02-15 09:38:40 - root - INFO - sql_task - Logger Completed!
2023-02-15 09:38:41 - mysql.connector.authentication - INFO - authentication - package: mysql.connector.plugins
2023-02-15 09:38:41 - mysql.connector.authentication - INFO - authentication - plugin_name: caching_sha2_password
2023-02-15 09:38:41 - mysql.connector.authentication - INFO - authentication - AUTHENTICATION_PLUGIN_CLASS: MySQLCachingSHA2PasswordAuthPlugin
2023-02-15 09:38:41 - root - INFO - sql_task - Connected to MySQL Server version 8.0.31
2023-02-15 09:38:41 - root - INFO - sql_task - You're connected to database: test
2023-02-15 09:41:44 - root - INFO - sql_task - Logger Completed!
2023-02-15 09:41:45 - mysql.connector.authentication - INFO - authentication - package: mysql.connector.plugins
2023-02-15 09:41:45 - mysql.connector.authentication - INFO - authentication - plugin_name: caching_sha2_password
2023-02-15 09:41:45 - mysql.connector.authentication - INFO - authentication - AUTHENTICATION_PLUGIN_CLASS: MySQLCachingSHA2PasswordAuthPlugin
2023-02-15 09:41:45 - root - INFO - sql_task - Connected to MySQL Server version 8.0.31
2023-02-15 09:41:45 - root - INFO - sql_task - You're connected to database: test
2023-02-15 09:42:47 - root - INFO - sql_task - Logger Completed!
2023-02-15 09:42:48 - mysql.connector.authentication - INFO - authentication - package: mysql.connector.plugins
2023-02-15 09:42:48 - mysql.connector.authentication - INFO - authentication - plugin_name: caching_sha2_password
2023-02-15 09:42:48 - mysql.connector.authentication - INFO - authentication - AUTHENTICATION_PLUGIN_CLASS: MySQLCachingSHA2PasswordAuthPlugin
2023-02-15 09:42:48 - root - INFO - sql_task - Connected to MySQL Server version 8.0.31
2023-02-15 09:42:48 - root - INFO - sql_task - You're connected to database: test
2023-02-15 09:42:59 - root - INFO - sql_task - Logger Completed!
2023-02-15 09:42:59 - mysql.connector.authentication - INFO - authentication - package: mysql.connector.plugins
2023-02-15 09:42:59 - mysql.connector.authentication - INFO - authentication - plugin_name: caching_sha2_password
2023-02-15 09:42:59 - mysql.connector.authentication - INFO - authentication - AUTHENTICATION_PLUGIN_CLASS: MySQLCachingSHA2PasswordAuthPlugin
2023-02-15 09:42:59 - root - INFO - sql_task - Connected to MySQL Server version 8.0.31
2023-02-15 09:42:59 - root - INFO - sql_task - You're connected to database: test
2023-02-15 09:46:29 - root - INFO - sql_task - Logger Completed!
2023-02-15 09:46:30 - mysql.connector.authentication - INFO - authentication - package: mysql.connector.plugins
2023-02-15 09:46:30 - mysql.connector.authentication - INFO - authentication - plugin_name: caching_sha2_password
2023-02-15 09:46:30 - mysql.connector.authentication - INFO - authentication - AUTHENTICATION_PLUGIN_CLASS: MySQLCachingSHA2PasswordAuthPlugin
2023-02-15 09:46:30 - root - INFO - sql_task - Connected to MySQL Server version 8.0.31
2023-02-15 09:46:30 - root - INFO - sql_task - You're connected to database: test
2023-02-15 09:46:46 - root - INFO - sql_task - Logger Completed!
2023-02-15 09:46:48 - root - INFO - sql_task - Logger Completed!
2023-02-15 09:47:01 - root - INFO - sql_task - Logger Completed!
2023-02-15 09:47:02 - root - INFO - sql_task - Logger Completed!
2023-02-15 09:47:25 - root - INFO - sql_task - Logger Completed!
2023-02-15 09:48:08 - root - INFO - sql_task - Logger Completed!
2023-02-15 09:48:10 - root - INFO - sql_task - Logger Completed!
2023-02-15 09:48:17 - root - INFO - sql_task - Logger Completed!
2023-02-15 09:50:44 - root - INFO - sql_task - Logger Completed!
2023-02-15 09:50:48 - root - INFO - sql_task - Logger Completed!
2023-02-15 09:51:00 - root - INFO - sql_task - Logger Completed!
2023-02-15 09:51:01 - root - INFO - sql_task - Logger Completed!
2023-02-15 09:52:22 - root - INFO - sql_task - Logger Completed!
2023-02-15 09:52:24 - root - INFO - sql_task - Logger Completed!
2023-02-15 09:54:04 - root - INFO - sql_task - Logger Completed!
2023-02-15 09:55:17 - root - INFO - sql_task - Logger Completed!
2023-02-15 09:55:37 - root - INFO - sql_task - Logger Completed!
2023-02-15 09:56:08 - root - INFO - sql_task - Logger Completed!
2023-02-15 09:56:09 - root - INFO - sql_task - Logger Completed!
2023-02-15 09:56:22 - root - INFO - sql_task - Logger Completed!
2023-02-15 09:56:45 - root - INFO - sql_task - Logger Completed!
2023-02-15 09:57:24 - root - INFO - sql_task - Logger Completed!
2023-02-15 09:58:10 - root - INFO - sql_task - Logger Completed!
2023-02-15 09:58:14 - root - INFO - sql_task - Logger Completed!
2023-02-15 10:00:55 - root - INFO - sql_task - Logger Completed!
2023-02-15 10:00:58 - root - INFO - sql_task - Logger Completed!
2023-02-15 10:01:03 - root - INFO - sql_task - Logger Completed!
2023-02-15 10:07:54 - root - INFO - sql_task - Logger Completed!
2023-02-15 10:07:55 - root - INFO - sql_task - Logger Completed!
2023-02-15 10:07:57 - root - INFO - sql_task - Logger Completed!
2023-02-15 10:08:08 - root - INFO - sql_task - Logger Completed!
2023-02-15 10:09:56 - root - INFO - sql_task - Logger Completed!
2023-02-15 10:10:03 - root - INFO - sql_task - Logger Completed!
2023-02-15 10:10:22 - root - INFO - sql_task - Logger Completed!
2023-02-15 10:10:29 - root - INFO - sql_task - Logger Completed!
2023-02-15 10:10:45 - root - INFO - sql_task - Logger Completed!
2023-02-15 10:11:14 - root - INFO - sql_task - Logger Completed!
2023-02-15 10:31:35 - root - INFO - sql_task - Logger Completed!
2023-02-15 10:31:35 - mysql.connector.authentication - INFO - authentication - package: mysql.connector.plugins
2023-02-15 10:31:35 - mysql.connector.authentication - INFO - authentication - plugin_name: caching_sha2_password
2023-02-15 10:31:35 - mysql.connector.authentication - INFO - authentication - AUTHENTICATION_PLUGIN_CLASS: MySQLCachingSHA2PasswordAuthPlugin
2023-02-15 10:31:35 - root - INFO - sql_task - Connected to MySQL Server version 8.0.31
2023-02-15 10:31:35 - root - INFO - sql_task - You're connected to database: test
2023-02-15 10:32:52 - root - INFO - sql_task - Logger Completed!
2023-02-15 10:32:53 - mysql.connector.authentication - INFO - authentication - package: mysql.connector.plugins
2023-02-15 10:32:53 - mysql.connector.authentication - INFO - authentication - plugin_name: caching_sha2_password
2023-02-15 10:32:53 - mysql.connector.authentication - INFO - authentication - AUTHENTICATION_PLUGIN_CLASS: MySQLCachingSHA2PasswordAuthPlugin
2023-02-15 10:32:53 - root - INFO - sql_task - Connected to MySQL Server version 8.0.31
2023-02-15 10:32:53 - root - INFO - sql_task - You're connected to database: test
2023-02-15 10:32:55 - root - INFO - sql_task - Logger Completed!
2023-02-15 10:32:55 - mysql.connector.authentication - INFO - authentication - package: mysql.connector.plugins
2023-02-15 10:32:55 - mysql.connector.authentication - INFO - authentication - plugin_name: caching_sha2_password
2023-02-15 10:32:55 - mysql.connector.authentication - INFO - authentication - AUTHENTICATION_PLUGIN_CLASS: MySQLCachingSHA2PasswordAuthPlugin
2023-02-15 10:32:55 - root - INFO - sql_task - Connected to MySQL Server version 8.0.31
2023-02-15 10:32:55 - root - INFO - sql_task - You're connected to database: test
2023-02-15 10:36:26 - root - INFO - sql_task - Logger Completed!
2023-02-15 10:36:26 - mysql.connector.authentication - INFO - authentication - package: mysql.connector.plugins
2023-02-15 10:36:26 - mysql.connector.authentication - INFO - authentication - plugin_name: caching_sha2_password
2023-02-15 10:36:26 - mysql.connector.authentication - INFO - authentication - AUTHENTICATION_PLUGIN_CLASS: MySQLCachingSHA2PasswordAuthPlugin
2023-02-15 10:36:26 - root - INFO - sql_task - Connected to MySQL Server version 8.0.31
2023-02-15 10:36:26 - root - INFO - sql_task - You're connected to database: test
2023-02-15 10:48:10 - root - INFO - sql_task - Logger Completed!
2023-02-15 10:48:10 - mysql.connector.authentication - INFO - authentication - package: mysql.connector.plugins
2023-02-15 10:48:10 - mysql.connector.authentication - INFO - authentication - plugin_name: caching_sha2_password
2023-02-15 10:48:10 - mysql.connector.authentication - INFO - authentication - AUTHENTICATION_PLUGIN_CLASS: MySQLCachingSHA2PasswordAuthPlugin
2023-02-15 10:48:10 - root - INFO - sql_task - Connected to MySQL Server version 8.0.31
2023-02-15 10:48:10 - root - INFO - sql_task - You're connected to database: test
2023-02-15 10:48:37 - root - INFO - sql_task - Logger Completed!
2023-02-15 10:48:37 - mysql.connector.authentication - INFO - authentication - package: mysql.connector.plugins
2023-02-15 10:48:37 - mysql.connector.authentication - INFO - authentication - plugin_name: caching_sha2_password
2023-02-15 10:48:37 - mysql.connector.authentication - INFO - authentication - AUTHENTICATION_PLUGIN_CLASS: MySQLCachingSHA2PasswordAuthPlugin
2023-02-15 10:48:37 - root - INFO - sql_task - Connected to MySQL Server version 8.0.31
2023-02-15 10:48:37 - root - INFO - sql_task - You're connected to database: test
2023-02-15 10:49:49 - root - INFO - sql_task - Logger Completed!
2023-02-15 10:49:49 - mysql.connector.authentication - INFO - authentication - package: mysql.connector.plugins
2023-02-15 10:49:49 - mysql.connector.authentication - INFO - authentication - plugin_name: caching_sha2_password
2023-02-15 10:49:49 - mysql.connector.authentication - INFO - authentication - AUTHENTICATION_PLUGIN_CLASS: MySQLCachingSHA2PasswordAuthPlugin
2023-02-15 10:49:49 - root - INFO - sql_task - Connected to MySQL Server version 8.0.31
2023-02-15 10:49:49 - root - INFO - sql_task - You're connected to database: test
2023-02-15 10:49:51 - root - INFO - sql_task - Logger Completed!
2023-02-15 10:49:51 - mysql.connector.authentication - INFO - authentication - package: mysql.connector.plugins
2023-02-15 10:49:51 - mysql.connector.authentication - INFO - authentication - plugin_name: caching_sha2_password
2023-02-15 10:49:51 - mysql.connector.authentication - INFO - authentication - AUTHENTICATION_PLUGIN_CLASS: MySQLCachingSHA2PasswordAuthPlugin
2023-02-15 10:49:51 - root - INFO - sql_task - Connected to MySQL Server version 8.0.31
2023-02-15 10:49:51 - root - INFO - sql_task - You're connected to database: test
2023-02-15 10:50:22 - root - INFO - sql_task - Logger Completed!
2023-02-15 10:50:22 - mysql.connector.authentication - INFO - authentication - package: mysql.connector.plugins
2023-02-15 10:50:22 - mysql.connector.authentication - INFO - authentication - plugin_name: caching_sha2_password
2023-02-15 10:50:22 - mysql.connector.authentication - INFO - authentication - AUTHENTICATION_PLUGIN_CLASS: MySQLCachingSHA2PasswordAuthPlugin
2023-02-15 10:50:22 - root - INFO - sql_task - Connected to MySQL Server version 8.0.31
2023-02-15 10:50:22 - root - INFO - sql_task - You're connected to database: test
2023-02-15 10:51:55 - root - INFO - sql_task - Logger Completed!
2023-02-15 10:51:55 - mysql.connector.authentication - INFO - authentication - package: mysql.connector.plugins
2023-02-15 10:51:55 - mysql.connector.authentication - INFO - authentication - plugin_name: caching_sha2_password
2023-02-15 10:51:55 - mysql.connector.authentication - INFO - authentication - AUTHENTICATION_PLUGIN_CLASS: MySQLCachingSHA2PasswordAuthPlugin
2023-02-15 10:51:55 - root - INFO - sql_task - Connected to MySQL Server version 8.0.31
2023-02-15 10:51:55 - root - INFO - sql_task - You're connected to database: test
2023-02-15 10:53:33 - root - INFO - sql_task - Logger Completed!
2023-02-15 10:53:34 - mysql.connector.authentication - INFO - authentication - package: mysql.connector.plugins
2023-02-15 10:53:34 - mysql.connector.authentication - INFO - authentication - plugin_name: caching_sha2_password
2023-02-15 10:53:34 - mysql.connector.authentication - INFO - authentication - AUTHENTICATION_PLUGIN_CLASS: MySQLCachingSHA2PasswordAuthPlugin
2023-02-15 10:53:34 - root - INFO - sql_task - Connected to MySQL Server version 8.0.31
2023-02-15 10:53:34 - root - INFO - sql_task - You're connected to database: test
2023-02-15 10:55:53 - root - INFO - sql_task - Logger Completed!
2023-02-15 10:55:53 - mysql.connector.authentication - INFO - authentication - package: mysql.connector.plugins
2023-02-15 10:55:53 - mysql.connector.authentication - INFO - authentication - plugin_name: caching_sha2_password
2023-02-15 10:55:53 - mysql.connector.authentication - INFO - authentication - AUTHENTICATION_PLUGIN_CLASS: MySQLCachingSHA2PasswordAuthPlugin
2023-02-15 10:55:53 - root - INFO - sql_task - Connected to MySQL Server version 8.0.31
2023-02-15 10:55:53 - root - INFO - sql_task - You're connected to database: test
2023-02-15 11:13:15 - root - INFO - sql_task - Logger Completed!
2023-02-15 11:13:15 - mysql.connector.authentication - INFO - authentication - package: mysql.connector.plugins
2023-02-15 11:13:15 - mysql.connector.authentication - INFO - authentication - plugin_name: caching_sha2_password
2023-02-15 11:13:15 - mysql.connector.authentication - INFO - authentication - AUTHENTICATION_PLUGIN_CLASS: MySQLCachingSHA2PasswordAuthPlugin
2023-02-15 11:13:15 - root - INFO - sql_task - Connected to MySQL Server version 8.0.31
2023-02-15 11:13:15 - root - INFO - sql_task - You're connected to database: test
2023-02-15 11:13:33 - root - INFO - sql_task - Logger Completed!
2023-02-15 11:13:34 - mysql.connector.authentication - INFO - authentication - package: mysql.connector.plugins
2023-02-15 11:13:34 - mysql.connector.authentication - INFO - authentication - plugin_name: caching_sha2_password
2023-02-15 11:13:34 - mysql.connector.authentication - INFO - authentication - AUTHENTICATION_PLUGIN_CLASS: MySQLCachingSHA2PasswordAuthPlugin
2023-02-15 11:13:34 - root - INFO - sql_task - Connected to MySQL Server version 8.0.31
2023-02-15 11:13:34 - root - INFO - sql_task - You're connected to database: test
2023-02-15 11:13:34 - root - CRITICAL - sql_task - Connection failed.
2023-02-15 11:13:34 - root - INFO - sql_task - MySQL connection is closed
2023-02-15 11:13:53 - root - INFO - sql_task - Logger Completed!
2023-02-15 11:13:53 - mysql.connector.authentication - INFO - authentication - package: mysql.connector.plugins
2023-02-15 11:13:53 - mysql.connector.authentication - INFO - authentication - plugin_name: caching_sha2_password
2023-02-15 11:13:53 - mysql.connector.authentication - INFO - authentication - AUTHENTICATION_PLUGIN_CLASS: MySQLCachingSHA2PasswordAuthPlugin
2023-02-15 11:13:53 - root - INFO - sql_task - Connected to MySQL Server version 8.0.31
2023-02-15 11:13:53 - root - INFO - sql_task - You're connected to database: test
2023-02-15 11:13:53 - root - INFO - sql_task - MySQL connection is closed
2023-02-15 11:15:18 - root - INFO - sql_task - Logger Completed!
2023-02-15 11:15:18 - mysql.connector.authentication - INFO - authentication - package: mysql.connector.plugins
2023-02-15 11:15:19 - mysql.connector.authentication - INFO - authentication - plugin_name: caching_sha2_password
2023-02-15 11:15:19 - mysql.connector.authentication - INFO - authentication - AUTHENTICATION_PLUGIN_CLASS: MySQLCachingSHA2PasswordAuthPlugin
2023-02-15 11:15:19 - root - INFO - sql_task - Connected to MySQL Server version 8.0.31
2023-02-15 11:15:19 - root - INFO - sql_task - You're connected to database: test
2023-02-15 11:15:19 - root - CRITICAL - sql_task - Connection failed.
2023-02-15 11:15:19 - root - INFO - sql_task - MySQL connection is closed
2023-02-15 11:15:27 - root - INFO - sql_task - Logger Completed!
2023-02-15 11:15:28 - mysql.connector.authentication - INFO - authentication - package: mysql.connector.plugins
2023-02-15 11:15:28 - mysql.connector.authentication - INFO - authentication - plugin_name: caching_sha2_password
2023-02-15 11:15:28 - mysql.connector.authentication - INFO - authentication - AUTHENTICATION_PLUGIN_CLASS: MySQLCachingSHA2PasswordAuthPlugin
2023-02-15 11:15:28 - root - INFO - sql_task - Connected to MySQL Server version 8.0.31
2023-02-15 11:15:28 - root - INFO - sql_task - You're connected to database: test
2023-02-15 11:15:28 - root - CRITICAL - sql_task - Connection failed.
2023-02-15 11:15:28 - root - INFO - sql_task - MySQL connection is closed
2023-02-15 11:15:47 - root - INFO - sql_task - Logger Completed!
2023-02-15 11:15:48 - mysql.connector.authentication - INFO - authentication - package: mysql.connector.plugins
2023-02-15 11:15:48 - mysql.connector.authentication - INFO - authentication - plugin_name: caching_sha2_password
2023-02-15 11:15:48 - mysql.connector.authentication - INFO - authentication - AUTHENTICATION_PLUGIN_CLASS: MySQLCachingSHA2PasswordAuthPlugin
2023-02-15 11:15:48 - root - INFO - sql_task - Connected to MySQL Server version 8.0.31
2023-02-15 11:15:48 - root - INFO - sql_task - You're connected to database: test
2023-02-15 11:15:48 - root - INFO - sql_task - MySQL connection is closed
2023-02-15 11:25:36 - root - INFO - sql_task - Logger Completed!
2023-02-15 11:25:46 - root - INFO - sql_task - Logger Completed!
2023-02-15 11:26:13 - root - INFO - sql_task - Logger Completed!
2023-02-15 11:27:37 - root - INFO - sql_task - Logger Completed!
2023-02-15 11:27:37 - mysql.connector.authentication - INFO - authentication - package: mysql.connector.plugins
2023-02-15 11:27:37 - mysql.connector.authentication - INFO - authentication - plugin_name: caching_sha2_password
2023-02-15 11:27:37 - mysql.connector.authentication - INFO - authentication - AUTHENTICATION_PLUGIN_CLASS: MySQLCachingSHA2PasswordAuthPlugin
2023-02-15 11:27:37 - root - INFO - sql_task - Connected to MySQL Server version 8.0.31
2023-02-15 11:27:37 - root - INFO - sql_task - You're connected to database: test
2023-02-15 11:27:37 - root - INFO - sql_task - LINES for Red zone - 376, for Green zone - 1372, Blue zone - 754, successfully written to the database and saved!
2023-02-15 11:27:37 - root - INFO - sql_task - MySQL connection is closed
