2023-05-02 12:08:45,186 - INFO - Logger Completed!
2023-05-02 12:08:45,187 - INFO - 31 rows in orders have been collected, ready to be inserted into the database
2023-05-02 12:08:45,223 - INFO - Connected to MySQL Server version 8.0.31
2023-05-02 12:08:45,223 - INFO - You're connected to database: test
2023-05-02 12:08:45,243 - INFO - Data successfully added to the database
2023-05-02 12:08:45,243 - INFO - MySQL connection is closed
2023-05-02 12:09:52,879 - INFO - Logger Completed!
2023-05-02 12:09:52,880 - INFO - 31 rows in orders have been collected, ready to be inserted into the database
2023-05-02 12:09:52,922 - INFO - Connected to MySQL Server version 8.0.31
2023-05-02 12:09:52,923 - INFO - You're connected to database: test
2023-05-02 12:09:52,932 - INFO - Data successfully added to the database
2023-05-02 12:09:52,932 - INFO - MySQL connection is closed
2023-05-02 12:15:25,059 - INFO - Logger Completed!
2023-05-02 12:15:25,060 - INFO - 31 rows in orders have been collected, ready to be inserted into the database
2023-05-02 12:15:25,096 - INFO - Connected to MySQL Server version 8.0.31
2023-05-02 12:15:25,097 - INFO - You're connected to database: test
2023-05-02 12:15:25,119 - INFO - Data successfully added to the database
2023-05-02 12:15:25,119 - INFO - MySQL connection is closed
2023-05-02 12:19:50,617 - INFO - Logger Completed!
2023-05-02 12:19:50,618 - INFO - 31 rows in orders have been collected, ready to be inserted into the database
2023-05-02 12:19:50,654 - INFO - Connected to MySQL Server version 8.0.31
2023-05-02 12:19:50,655 - INFO - You're connected to database: test
2023-05-02 12:19:50,674 - INFO - Data successfully added to the database
2023-05-02 12:19:50,675 - INFO - MySQL connection is closed
2023-05-02 12:20:31,941 - INFO - Logger Completed!
2023-05-02 12:20:31,942 - INFO - 31 rows in orders have been collected, ready to be inserted into the database
2023-05-02 12:20:31,978 - INFO - Connected to MySQL Server version 8.0.31
2023-05-02 12:20:31,979 - INFO - You're connected to database: test
2023-05-02 12:20:32,002 - INFO - Data successfully added to the database
2023-05-02 12:20:32,002 - INFO - MySQL connection is closed
2023-05-02 15:24:25,894 - INFO - Logger Completed!
2023-05-02 15:24:25,895 - INFO - 31 rows in orders have been collected, ready to be inserted into the database
2023-05-02 15:24:25,932 - INFO - Connected to MySQL Server version 8.0.31
2023-05-02 15:24:25,932 - INFO - You're connected to database: test
2023-05-02 15:24:25,948 - INFO - Data successfully added to the database
2023-05-02 15:24:25,948 - INFO - MySQL connection is closed
2023-05-02 16:40:32,908 - INFO - Logger Completed!
2023-05-02 16:40:32,915 - INFO - 31 rows in orders have been collected, ready to be inserted into the database
2023-05-02 16:40:32,962 - INFO - Connected to MySQL Server version 8.0.31
2023-05-02 16:40:32,964 - INFO - You're connected to database: test
2023-05-02 16:40:32,975 - INFO - Data successfully added to the database
2023-05-02 16:40:32,975 - INFO - MySQL connection is closed
2023-05-02 16:42:11,003 - INFO - Logger Completed!
2023-05-02 16:43:24,673 - INFO - Logger Completed!
2023-05-02 16:43:26,165 - INFO - Logger Completed!
2023-05-02 16:44:59,151 - INFO - Logger Completed!
2023-05-02 16:45:21,607 - INFO - Logger Completed!
2023-05-02 16:45:34,529 - INFO - Logger Completed!
2023-05-02 16:45:37,025 - INFO - Logger Completed!
2023-05-02 16:45:45,943 - INFO - Logger Completed!
2023-05-02 16:45:45,946 - INFO - 31 rows in orders have been collected, ready to be inserted into the database
2023-05-02 16:45:45,982 - INFO - Connected to MySQL Server version 8.0.31
2023-05-02 16:45:45,982 - INFO - You're connected to database: test
2023-05-02 16:45:45,999 - INFO - Data successfully added to the database
2023-05-02 16:45:45,999 - INFO - MySQL connection is closed
2023-05-02 17:20:48,359 - INFO - Logger Completed!
2023-05-02 17:20:48,360 - INFO - 31 rows in orders have been collected, ready to be inserted into the database
2023-05-02 17:20:48,399 - INFO - Connected to MySQL Server version 8.0.31
2023-05-02 17:20:48,399 - INFO - You're connected to database: test
2023-05-02 17:20:48,418 - INFO - Data successfully added to the database
2023-05-02 17:20:48,418 - INFO - MySQL connection is closed
2023-05-05 11:04:45,412 - INFO - Logger Completed!
2023-05-05 11:04:45,413 - INFO - 31 rows in orders have been collected, ready to be inserted into the database
2023-05-05 11:04:45,461 - INFO - Connected to MySQL Server version 8.0.31
2023-05-05 11:04:45,463 - INFO - You're connected to database: test
2023-05-05 11:04:45,474 - INFO - Data successfully added to the database
2023-05-05 11:04:45,475 - INFO - MySQL connection is closed
2023-05-05 11:11:54,433 - INFO - Logger Completed!
2023-05-05 11:11:54,434 - INFO - 31 rows in orders have been collected, ready to be inserted into the database
2023-05-05 11:11:54,472 - INFO - Connected to MySQL Server version 8.0.31
2023-05-05 11:11:54,473 - INFO - You're connected to database: test
2023-05-05 11:11:54,491 - INFO - Data successfully added to the database
2023-05-05 11:11:54,492 - INFO - MySQL connection is closed
2023-05-05 11:13:47,245 - INFO - Logger Completed!
2023-05-05 11:13:47,246 - INFO - 31 rows in orders have been collected, ready to be inserted into the database
2023-05-05 11:13:47,291 - INFO - Connected to MySQL Server version 8.0.31
2023-05-05 11:13:47,292 - INFO - You're connected to database: test
2023-05-05 11:13:47,301 - INFO - Data successfully added to the database
2023-05-05 11:13:47,302 - INFO - MySQL connection is closed
2023-05-05 11:17:18,699 - INFO - Logger Completed!
2023-05-05 11:17:18,700 - INFO - 31 rows in orders have been collected, ready to be inserted into the database
2023-05-05 11:17:18,738 - INFO - Connected to MySQL Server version 8.0.31
2023-05-05 11:17:18,739 - INFO - You're connected to database: test
2023-05-05 11:17:18,757 - INFO - Data successfully added to the database
2023-05-05 11:17:18,757 - INFO - MySQL connection is closed
2023-05-05 11:50:57,181 - INFO - Logger Completed!
2023-05-05 11:50:57,182 - INFO - 31 rows in orders have been collected, ready to be inserted into the database
2023-05-05 11:50:57,218 - INFO - Connected to MySQL Server version 8.0.31
2023-05-05 11:50:57,219 - INFO - You're connected to database: test
2023-05-05 11:50:57,234 - INFO - Data successfully added to the database
2023-05-05 11:50:57,235 - INFO - MySQL connection is closed
2023-05-05 12:13:12,696 - INFO - Logger Completed!
2023-05-05 12:13:12,697 - INFO - 31 rows in orders have been collected, ready to be inserted into the database
2023-05-05 12:13:14,096 - INFO - Logger Completed!
2023-05-05 12:13:14,097 - INFO - 31 rows in orders have been collected, ready to be inserted into the database
2023-05-05 12:13:15,051 - INFO - Logger Completed!
2023-05-05 12:13:15,052 - INFO - 31 rows in orders have been collected, ready to be inserted into the database
2023-05-05 12:13:35,170 - INFO - Logger Completed!
2023-05-05 12:13:35,171 - INFO - 31 rows in orders have been collected, ready to be inserted into the database
2023-05-05 12:14:01,888 - INFO - Logger Completed!
2023-05-05 12:14:01,889 - INFO - 31 rows in orders have been collected, ready to be inserted into the database
2023-05-05 12:14:03,503 - INFO - Logger Completed!
2023-05-05 12:14:03,505 - INFO - 31 rows in orders have been collected, ready to be inserted into the database
2023-05-05 12:14:40,835 - INFO - Logger Completed!
2023-05-05 12:14:40,836 - INFO - 31 rows in orders have been collected, ready to be inserted into the database
2023-05-05 12:15:51,629 - INFO - Logger Completed!
2023-05-05 12:15:51,630 - INFO - 31 rows in orders have been collected, ready to be inserted into the database
2023-05-05 12:38:36,463 - INFO - Logger Completed!
2023-05-05 12:38:36,464 - INFO - 31 rows in orders have been collected, ready to be inserted into the database
2023-05-05 12:38:37,565 - INFO - Logger Completed!
2023-05-05 12:38:37,566 - INFO - 31 rows in orders have been collected, ready to be inserted into the database
2023-05-05 19:03:06,577 - INFO - Logger Completed!
2023-05-05 19:03:08,381 - INFO - Logger Completed!
2023-05-05 19:03:15,840 - INFO - Logger Completed!
2023-05-05 19:03:15,843 - INFO - 101 rows in orders have been collected, ready to be inserted into the database
2023-05-05 19:46:49,551 - INFO - Logger Completed!
2023-05-05 19:46:49,551 - INFO - 0 rows in orders have been collected, ready to be inserted into the database
2023-05-05 20:12:06,740 - INFO - Logger Completed!
2023-05-05 20:12:06,740 - INFO - 0 rows in orders have been collected, ready to be inserted into the database
2023-05-05 20:13:58,873 - INFO - Logger Completed!
2023-05-05 20:13:58,873 - INFO - 0 rows in orders have been collected, ready to be inserted into the database
2023-05-05 20:14:26,286 - INFO - Logger Completed!
2023-05-05 21:15:02,936 - INFO - Logger Completed!
2023-05-05 21:15:12,305 - INFO - Logger Completed!
2023-05-05 21:15:12,305 - INFO - 0 rows in orders have been collected, ready to be inserted into the database
2023-05-05 21:15:26,604 - INFO - Logger Completed!
2023-05-05 21:15:26,604 - INFO - 0 rows in orders have been collected, ready to be inserted into the database
2023-05-05 21:16:51,892 - INFO - Logger Completed!
2023-05-05 21:16:51,892 - INFO - 0 rows in orders have been collected, ready to be inserted into the database
2023-05-05 21:17:34,515 - INFO - Logger Completed!
2023-05-05 21:17:34,515 - INFO - 0 rows in orders have been collected, ready to be inserted into the database
2023-05-05 21:17:35,668 - INFO - Logger Completed!
2023-05-05 21:17:35,668 - INFO - 0 rows in orders have been collected, ready to be inserted into the database
2023-05-05 21:18:12,739 - INFO - Logger Completed!
2023-05-05 21:18:12,739 - INFO - 0 rows in orders have been collected, ready to be inserted into the database
2023-05-05 21:26:12,508 - INFO - Logger Completed!
2023-05-05 21:26:12,509 - INFO - 0 rows in orders have been collected, ready to be inserted into the database
2023-05-05 21:41:18,174 - INFO - Logger Completed!
2023-05-05 21:41:18,174 - INFO - 0 rows in orders have been collected, ready to be inserted into the database
2023-05-05 21:41:42,600 - INFO - Logger Completed!
2023-05-05 21:41:43,679 - INFO - Logger Completed!
2023-05-05 21:42:41,684 - INFO - Logger Completed!
2023-05-05 21:42:41,690 - INFO - 0 rows in orders have been collected, ready to be inserted into the database
2023-05-05 21:42:58,346 - INFO - Logger Completed!
2023-05-05 21:42:59,465 - INFO - Logger Completed!
2023-05-05 21:43:09,793 - INFO - Logger Completed!
2023-05-05 21:43:10,866 - INFO - Logger Completed!
2023-05-05 21:44:03,760 - INFO - Logger Completed!
2023-05-05 21:44:03,760 - INFO - 0 rows in orders have been collected, ready to be inserted into the database
2023-05-05 21:44:06,047 - INFO - Logger Completed!
2023-05-05 21:44:06,047 - INFO - 0 rows in orders have been collected, ready to be inserted into the database
2023-05-05 21:46:54,608 - INFO - Logger Completed!
2023-05-05 21:46:54,608 - INFO - 0 rows in orders have been collected, ready to be inserted into the database
2023-05-05 21:48:13,649 - INFO - Logger Completed!
2023-05-05 21:48:13,649 - INFO - 0 rows in orders have been collected, ready to be inserted into the database
2023-05-05 21:49:10,153 - INFO - Logger Completed!
2023-05-05 21:49:10,154 - INFO - 0 rows in orders have been collected, ready to be inserted into the database
2023-05-05 21:49:12,492 - INFO - Logger Completed!
2023-05-05 21:49:12,492 - INFO - 0 rows in orders have been collected, ready to be inserted into the database
2023-05-05 21:49:41,447 - INFO - Logger Completed!
2023-05-05 21:49:41,448 - INFO - 0 rows in orders have been collected, ready to be inserted into the database
2023-05-05 21:51:46,771 - INFO - Logger Completed!
2023-05-05 21:51:46,771 - INFO - 0 rows in orders have been collected, ready to be inserted into the database
2023-05-05 22:01:57,348 - INFO - Logger Completed!
2023-05-05 22:02:55,140 - INFO - Logger Completed!
2023-05-05 22:02:59,469 - INFO - Logger Completed!
2023-05-05 22:03:32,059 - INFO - Logger Completed!
2023-05-05 22:04:16,951 - INFO - Logger Completed!
2023-05-05 22:04:57,473 - INFO - Logger Completed!
2023-05-05 22:04:57,473 - INFO - 0 rows in orders have been collected, ready to be inserted into the database
2023-05-05 22:07:22,711 - INFO - Logger Completed!
2023-05-05 22:07:34,632 - INFO - Logger Completed!
2023-05-05 22:14:35,296 - INFO - Logger Completed!
2023-05-05 22:15:17,270 - INFO - Logger Completed!
2023-05-05 22:17:06,014 - INFO - Logger Completed!
2023-05-05 22:21:08,730 - INFO - Logger Completed!
2023-05-05 22:21:09,928 - INFO - Logger Completed!
2023-05-05 22:21:28,507 - INFO - Logger Completed!
2023-05-05 22:22:18,237 - INFO - Logger Completed!
2023-05-05 22:24:04,319 - INFO - Logger Completed!
2023-05-05 22:24:57,930 - INFO - Logger Completed!
2023-05-05 22:25:14,583 - INFO - Logger Completed!
2023-05-05 22:25:15,559 - INFO - Logger Completed!
2023-05-05 22:25:39,774 - INFO - Logger Completed!
2023-05-05 22:25:50,625 - INFO - Logger Completed!
2023-05-05 22:26:43,326 - INFO - Logger Completed!
2023-05-05 22:26:44,540 - INFO - Logger Completed!
2023-05-05 22:27:14,137 - INFO - Logger Completed!
2023-05-05 22:27:27,164 - INFO - Logger Completed!
2023-05-05 22:27:28,911 - INFO - Logger Completed!
2023-05-05 22:28:05,552 - INFO - Logger Completed!
2023-05-05 22:28:07,606 - INFO - Logger Completed!
2023-05-05 22:28:26,949 - INFO - Logger Completed!
2023-05-05 22:29:46,110 - INFO - Logger Completed!
2023-05-05 22:31:02,852 - INFO - Logger Completed!
2023-05-05 22:31:17,567 - INFO - Logger Completed!
2023-05-05 22:35:12,637 - INFO - Logger Completed!
2023-05-05 22:35:14,903 - INFO - Logger Completed!
2023-05-05 22:37:57,289 - INFO - Logger Completed!
2023-05-05 22:47:54,485 - INFO - Logger Completed!
2023-05-05 22:48:04,352 - INFO - Logger Completed!
2023-05-05 22:48:45,145 - INFO - Logger Completed!
2023-05-05 22:48:46,434 - INFO - Logger Completed!
2023-05-05 22:49:12,786 - INFO - Logger Completed!
2023-05-05 22:53:32,192 - INFO - Logger Completed!
2023-05-06 10:40:51,352 - INFO - Logger Completed!
2023-05-06 10:40:52,752 - INFO - Logger Completed!
2023-05-06 10:41:22,532 - INFO - Logger Completed!
2023-05-06 10:41:23,643 - INFO - Logger Completed!
2023-05-06 10:41:24,853 - INFO - Logger Completed!
2023-05-06 10:41:46,758 - INFO - Logger Completed!
2023-05-06 10:41:46,758 - INFO - 0 rows in orders have been collected, ready to be inserted into the database
2023-05-06 10:43:31,429 - INFO - Logger Completed!
2023-05-06 10:43:31,429 - INFO - 0 rows in orders have been collected, ready to be inserted into the database
2023-05-06 10:43:50,749 - INFO - Logger Completed!
2023-05-06 10:43:50,749 - INFO - 0 rows in orders have been collected, ready to be inserted into the database
2023-05-06 10:44:29,654 - INFO - Logger Completed!
2023-05-06 10:44:29,654 - INFO - 0 rows in orders have been collected, ready to be inserted into the database
2023-05-06 10:44:47,189 - INFO - Logger Completed!
2023-05-06 10:44:47,190 - INFO - 0 rows in orders have been collected, ready to be inserted into the database
2023-05-06 10:44:48,901 - INFO - Logger Completed!
2023-05-06 10:44:48,901 - INFO - 0 rows in orders have been collected, ready to be inserted into the database
2023-05-06 10:46:03,915 - INFO - Logger Completed!
2023-05-06 10:46:05,085 - INFO - Logger Completed!
2023-05-06 10:46:26,445 - INFO - Logger Completed!
2023-05-06 10:46:28,390 - INFO - Logger Completed!
2023-05-06 10:53:35,828 - INFO - Logger Completed!
2023-05-06 10:53:35,828 - INFO - 0 rows in orders have been collected, ready to be inserted into the database
2023-05-06 10:53:49,832 - INFO - Logger Completed!
2023-05-06 10:53:49,833 - INFO - 0 rows in orders have been collected, ready to be inserted into the database
2023-05-06 10:56:00,767 - INFO - Logger Completed!
2023-05-06 10:56:00,768 - INFO - 0 rows in orders have been collected, ready to be inserted into the database
2023-05-06 10:57:22,107 - INFO - Logger Completed!
2023-05-06 10:57:32,157 - INFO - Logger Completed!
2023-05-06 10:57:32,157 - INFO - 0 rows in orders have been collected, ready to be inserted into the database
2023-05-06 10:57:52,638 - INFO - Logger Completed!
2023-05-06 10:57:52,638 - INFO - 0 rows in orders have been collected, ready to be inserted into the database
2023-05-06 10:59:50,656 - INFO - Logger Completed!
2023-05-06 10:59:50,662 - INFO - 0 rows in orders have been collected, ready to be inserted into the database
2023-05-06 11:00:09,323 - INFO - Logger Completed!
2023-05-06 11:00:19,557 - INFO - Logger Completed!
2023-05-06 11:00:19,557 - INFO - 0 rows in orders have been collected, ready to be inserted into the database
2023-05-06 11:01:56,524 - INFO - Logger Completed!
2023-05-06 11:01:57,638 - INFO - Logger Completed!
2023-05-06 11:08:13,515 - INFO - Logger Completed!
2023-05-06 11:08:13,515 - INFO - 0 rows in orders have been collected, ready to be inserted into the database
2023-05-06 11:08:34,059 - INFO - Logger Completed!
2023-05-06 11:08:34,060 - INFO - 0 rows in orders have been collected, ready to be inserted into the database
2023-05-06 11:08:35,528 - INFO - Logger Completed!
2023-05-06 11:08:35,528 - INFO - 0 rows in orders have been collected, ready to be inserted into the database
2023-05-06 11:09:14,074 - INFO - Logger Completed!
2023-05-06 11:09:14,074 - INFO - 0 rows in orders have been collected, ready to be inserted into the database
2023-05-06 11:26:07,481 - INFO - Logger Completed!
2023-05-06 11:26:07,481 - INFO - 0 rows in orders have been collected, ready to be inserted into the database
2023-05-06 11:29:32,024 - INFO - Logger Completed!
2023-05-06 11:29:32,025 - INFO - 0 rows in orders have been collected, ready to be inserted into the database
2023-05-06 11:32:55,944 - INFO - Logger Completed!
2023-05-06 11:32:55,945 - INFO - 0 rows in orders have been collected, ready to be inserted into the database
2023-05-06 11:32:57,955 - INFO - Logger Completed!
2023-05-06 11:32:57,955 - INFO - 0 rows in orders have been collected, ready to be inserted into the database
2023-05-06 11:33:54,095 - INFO - Logger Completed!
2023-05-06 11:33:54,096 - INFO - 0 rows in orders have been collected, ready to be inserted into the database
2023-05-06 11:34:16,326 - INFO - Logger Completed!
2023-05-06 11:34:16,326 - INFO - 0 rows in orders have been collected, ready to be inserted into the database
2023-05-06 11:35:19,086 - INFO - Logger Completed!
2023-05-06 11:35:19,086 - INFO - 0 rows in orders have been collected, ready to be inserted into the database
2023-05-06 11:35:21,121 - INFO - Logger Completed!
2023-05-06 11:35:21,121 - INFO - 0 rows in orders have been collected, ready to be inserted into the database
2023-05-06 11:35:31,947 - INFO - Logger Completed!
2023-05-06 11:35:31,947 - INFO - 0 rows in orders have been collected, ready to be inserted into the database
2023-05-06 11:37:55,140 - INFO - Logger Completed!
2023-05-06 11:37:55,140 - INFO - 0 rows in orders have been collected, ready to be inserted into the database
2023-05-06 11:38:22,062 - INFO - Logger Completed!
2023-05-06 11:38:22,062 - INFO - 0 rows in orders have been collected, ready to be inserted into the database
2023-05-06 11:38:23,038 - INFO - Logger Completed!
2023-05-06 11:38:23,038 - INFO - 0 rows in orders have been collected, ready to be inserted into the database
2023-05-06 11:38:38,655 - INFO - Logger Completed!
2023-05-06 11:38:38,655 - INFO - 0 rows in orders have been collected, ready to be inserted into the database
2023-05-06 11:38:40,146 - INFO - Logger Completed!
2023-05-06 11:38:40,146 - INFO - 0 rows in orders have been collected, ready to be inserted into the database
2023-05-06 11:39:06,862 - INFO - Logger Completed!
2023-05-06 11:39:06,862 - INFO - 0 rows in orders have been collected, ready to be inserted into the database
2023-05-06 11:39:30,759 - INFO - Logger Completed!
2023-05-06 11:39:30,760 - INFO - 0 rows in orders have been collected, ready to be inserted into the database
2023-05-06 12:07:44,696 - INFO - Logger Completed!
2023-05-06 12:07:44,696 - INFO - 0 rows in orders have been collected, ready to be inserted into the database
2023-05-06 12:09:47,453 - INFO - Logger Completed!
2023-05-06 12:10:11,232 - INFO - Logger Completed!
2023-05-06 12:10:12,614 - INFO - Logger Completed!
2023-05-06 12:10:22,007 - INFO - Logger Completed!
2023-05-06 12:10:22,824 - INFO - Logger Completed!
2023-05-06 12:10:22,825 - INFO - 0 rows in orders have been collected, ready to be inserted into the database
2023-05-06 12:11:45,077 - INFO - Logger Completed!
2023-05-06 12:11:45,077 - INFO - 0 rows in orders have been collected, ready to be inserted into the database
2023-05-06 12:12:01,102 - INFO - Logger Completed!
2023-05-06 12:12:01,104 - INFO - 0 rows in orders have been collected, ready to be inserted into the database
2023-05-06 12:13:45,491 - INFO - Logger Completed!
2023-05-06 12:13:45,491 - INFO - 0 rows in orders have been collected, ready to be inserted into the database
2023-05-06 12:13:49,115 - INFO - Logger Completed!
2023-05-06 12:13:49,115 - INFO - 0 rows in orders have been collected, ready to be inserted into the database
2023-05-06 12:14:14,310 - INFO - Logger Completed!
2023-05-06 12:14:14,311 - INFO - 0 rows in orders have been collected, ready to be inserted into the database
2023-05-06 20:10:41,804 - INFO - Logger Completed!
2023-05-06 20:10:50,158 - INFO - Logger Completed!
2023-05-06 20:10:53,070 - INFO - Logger Completed!
2023-05-06 20:11:04,030 - INFO - Logger Completed!
2023-05-06 20:11:04,031 - INFO - 0 rows in orders have been collected, ready to be inserted into the database
2023-05-06 20:14:30,018 - INFO - Logger Completed!
2023-05-06 20:14:30,018 - INFO - 0 rows in orders have been collected, ready to be inserted into the database
2023-05-06 20:14:48,130 - INFO - Logger Completed!
2023-05-06 20:14:48,130 - INFO - 0 rows in orders have been collected, ready to be inserted into the database
2023-05-06 20:14:49,437 - INFO - Logger Completed!
2023-05-06 20:14:49,437 - INFO - 0 rows in orders have been collected, ready to be inserted into the database
2023-05-06 20:15:09,483 - INFO - Logger Completed!
2023-05-06 20:15:09,483 - INFO - 0 rows in orders have been collected, ready to be inserted into the database
2023-05-06 20:15:31,800 - INFO - Logger Completed!
2023-05-06 20:15:31,800 - INFO - 0 rows in orders have been collected, ready to be inserted into the database
2023-05-06 20:17:03,232 - INFO - Logger Completed!
2023-05-06 20:17:03,232 - INFO - 0 rows in orders have been collected, ready to be inserted into the database
2023-05-06 20:17:32,710 - INFO - Logger Completed!
2023-05-06 20:17:32,710 - INFO - 0 rows in orders have been collected, ready to be inserted into the database
2023-05-06 20:18:49,978 - INFO - Logger Completed!
2023-05-06 20:18:50,863 - INFO - Logger Completed!
2023-05-06 20:18:51,776 - INFO - Logger Completed!
2023-05-06 20:19:07,042 - INFO - Logger Completed!
2023-05-06 20:19:07,042 - INFO - 0 rows in orders have been collected, ready to be inserted into the database
2023-05-06 21:08:45,004 - INFO - Logger Completed!
2023-05-06 21:17:44,720 - INFO - Logger Completed!
2023-05-06 21:17:44,721 - INFO - 0 rows in orders have been collected, ready to be inserted into the database
2023-05-06 21:18:31,376 - INFO - Logger Completed!
2023-05-06 21:18:31,376 - INFO - 0 rows in orders have been collected, ready to be inserted into the database
2023-05-06 21:19:24,352 - INFO - Logger Completed!
2023-05-06 21:19:24,352 - INFO - 0 rows in orders have been collected, ready to be inserted into the database
2023-05-06 21:33:40,295 - INFO - Logger Completed!
2023-05-06 21:34:22,516 - INFO - Logger Completed!
2023-05-06 21:35:03,014 - INFO - Logger Completed!
2023-05-06 21:43:59,477 - INFO - Logger Completed!
2023-05-06 21:43:59,477 - INFO - 0 rows in orders have been collected, ready to be inserted into the database
2023-05-06 21:44:16,980 - INFO - Logger Completed!
2023-05-06 21:44:16,980 - INFO - 0 rows in orders have been collected, ready to be inserted into the database
2023-05-06 21:44:55,487 - INFO - Logger Completed!
2023-05-06 21:44:56,898 - INFO - Logger Completed!
2023-05-06 21:46:59,009 - INFO - Logger Completed!
2023-05-06 21:46:59,015 - INFO - 0 rows in orders have been collected, ready to be inserted into the database
2023-05-06 21:47:20,408 - INFO - Logger Completed!
2023-05-06 21:47:20,413 - INFO - 0 rows in orders have been collected, ready to be inserted into the database
2023-05-06 22:11:38,181 - INFO - Logger Completed!
2023-05-06 22:11:38,202 - INFO - 0 rows in orders have been collected, ready to be inserted into the database
2023-05-06 22:12:08,150 - INFO - Logger Completed!
2023-05-06 22:12:08,157 - INFO - 0 rows in orders have been collected, ready to be inserted into the database
2023-05-06 22:12:34,088 - INFO - Logger Completed!
2023-05-06 22:12:34,094 - INFO - 0 rows in orders have been collected, ready to be inserted into the database
2023-05-06 22:21:47,135 - INFO - Logger Completed!
2023-05-06 22:21:48,558 - INFO - Logger Completed!
2023-05-06 22:22:21,533 - INFO - Logger Completed!
2023-05-06 22:23:23,929 - INFO - Logger Completed!
2023-05-06 22:23:47,170 - INFO - Logger Completed!
2023-05-06 22:23:48,103 - INFO - Logger Completed!
2023-05-06 22:23:48,901 - INFO - Logger Completed!
2023-05-06 22:24:23,620 - INFO - Logger Completed!
2023-05-06 22:24:23,637 - INFO - 0 rows in orders have been collected, ready to be inserted into the database
2023-05-06 22:24:40,977 - INFO - Logger Completed!
2023-05-06 22:24:40,989 - INFO - 0 rows in orders have been collected, ready to be inserted into the database
2023-05-06 22:24:41,898 - INFO - Logger Completed!
2023-05-06 22:24:42,976 - INFO - Logger Completed!
2023-05-06 22:24:52,436 - INFO - Logger Completed!
2023-05-06 22:25:09,245 - INFO - Logger Completed!
2023-05-06 22:25:09,259 - INFO - 0 rows in orders have been collected, ready to be inserted into the database
2023-05-06 22:25:15,740 - INFO - Logger Completed!
2023-05-06 22:25:15,754 - INFO - 0 rows in orders have been collected, ready to be inserted into the database
2023-05-06 22:36:15,869 - INFO - Logger Completed!
2023-05-06 22:36:15,869 - INFO - 0 rows in orders have been collected, ready to be inserted into the database
2023-05-06 22:42:39,817 - INFO - Logger Completed!
2023-05-06 22:42:39,817 - INFO - 0 rows in orders have been collected, ready to be inserted into the database
2023-05-06 22:42:40,777 - INFO - Logger Completed!
2023-05-06 22:42:40,777 - INFO - 0 rows in orders have been collected, ready to be inserted into the database
2023-05-06 22:42:41,669 - INFO - Logger Completed!
2023-05-06 22:42:41,669 - INFO - 0 rows in orders have been collected, ready to be inserted into the database
2023-05-06 22:42:45,146 - INFO - Logger Completed!
2023-05-06 22:42:45,146 - INFO - 0 rows in orders have been collected, ready to be inserted into the database
2023-05-06 22:44:54,416 - INFO - Logger Completed!
2023-05-06 22:44:54,416 - INFO - 0 rows in orders have been collected, ready to be inserted into the database
2023-05-06 23:00:03,553 - INFO - Logger Completed!
2023-05-06 23:00:42,312 - INFO - Logger Completed!
2023-05-06 23:01:03,103 - INFO - Logger Completed!
2023-05-06 23:01:16,834 - INFO - Logger Completed!
2023-05-06 23:01:16,844 - INFO - 0 rows in orders have been collected, ready to be inserted into the database
2023-05-06 23:01:38,464 - INFO - Logger Completed!
2023-05-06 23:03:15,241 - INFO - Logger Completed!
2023-05-07 11:36:25,178 - INFO - Logger Completed!
2023-05-07 11:36:54,328 - INFO - Logger Completed!
2023-05-07 11:37:08,894 - INFO - Logger Completed!
2023-05-07 11:37:08,894 - INFO - 0 rows in orders have been collected, ready to be inserted into the database
2023-05-07 11:40:30,614 - INFO - Logger Completed!
2023-05-07 11:40:30,615 - INFO - 0 rows in orders have been collected, ready to be inserted into the database
2023-05-07 11:40:31,867 - INFO - Logger Completed!
2023-05-07 11:40:31,868 - INFO - 0 rows in orders have been collected, ready to be inserted into the database
2023-05-07 11:41:18,333 - INFO - Logger Completed!
2023-05-07 11:41:18,333 - INFO - 0 rows in orders have been collected, ready to be inserted into the database
2023-05-07 11:42:19,110 - INFO - Logger Completed!
2023-05-07 11:42:19,111 - INFO - 0 rows in orders have been collected, ready to be inserted into the database
2023-05-07 11:43:51,507 - INFO - Logger Completed!
2023-05-07 11:43:51,507 - INFO - 0 rows in orders have been collected, ready to be inserted into the database
2023-05-07 11:44:59,869 - INFO - Logger Completed!
2023-05-07 11:44:59,870 - INFO - 0 rows in orders have been collected, ready to be inserted into the database
2023-05-07 11:48:46,482 - INFO - Logger Completed!
2023-05-07 11:48:46,483 - INFO - 0 rows in orders have been collected, ready to be inserted into the database
2023-05-07 11:48:47,478 - INFO - Logger Completed!
2023-05-07 11:48:47,479 - INFO - 0 rows in orders have been collected, ready to be inserted into the database
2023-05-07 11:50:30,826 - INFO - Logger Completed!
2023-05-07 11:50:31,826 - INFO - Logger Completed!
2023-05-07 12:03:35,112 - INFO - Logger Completed!
2023-05-07 12:03:35,118 - INFO - 0 rows in orders have been collected, ready to be inserted into the database
2023-05-07 12:12:00,096 - INFO - Logger Completed!
2023-05-07 12:12:01,244 - INFO - Logger Completed!
2023-05-07 12:12:14,382 - INFO - Logger Completed!
2023-05-07 12:12:14,389 - INFO - 0 rows in orders have been collected, ready to be inserted into the database
2023-05-07 12:13:29,410 - INFO - Logger Completed!
2023-05-07 12:13:29,415 - INFO - 0 rows in orders have been collected, ready to be inserted into the database
2023-05-07 12:15:11,110 - INFO - Logger Completed!
2023-05-07 12:15:41,940 - INFO - Logger Completed!
2023-05-07 12:15:41,945 - INFO - 0 rows in orders have been collected, ready to be inserted into the database
2023-05-07 12:16:35,699 - INFO - Logger Completed!
2023-05-07 12:16:35,702 - INFO - 0 rows in orders have been collected, ready to be inserted into the database
2023-05-07 12:16:46,961 - INFO - Logger Completed!
2023-05-07 12:16:46,965 - INFO - 0 rows in orders have been collected, ready to be inserted into the database
2023-05-07 12:18:22,688 - INFO - Logger Completed!
2023-05-07 12:18:22,690 - INFO - 0 rows in orders have been collected, ready to be inserted into the database
2023-05-07 12:20:04,056 - INFO - Logger Completed!
2023-05-07 12:20:06,834 - INFO - Logger Completed!
2023-05-07 12:20:40,721 - INFO - Logger Completed!
2023-05-07 12:21:45,198 - INFO - Logger Completed!
2023-05-07 12:21:45,199 - INFO - 0 rows in orders have been collected, ready to be inserted into the database
2023-05-07 12:26:02,677 - INFO - Logger Completed!
2023-05-07 12:26:02,678 - INFO - 0 rows in orders have been collected, ready to be inserted into the database
2023-05-07 12:27:56,061 - INFO - Logger Completed!
2023-05-07 12:27:56,062 - INFO - 0 rows in orders have been collected, ready to be inserted into the database
2023-05-07 12:29:15,875 - INFO - Logger Completed!
2023-05-07 12:29:15,876 - INFO - 0 rows in orders have been collected, ready to be inserted into the database
2023-05-07 12:29:17,337 - INFO - Logger Completed!
2023-05-07 12:29:17,338 - INFO - 0 rows in orders have been collected, ready to be inserted into the database
2023-05-07 12:36:32,783 - INFO - Logger Completed!
2023-05-07 12:36:32,784 - INFO - 0 rows in orders have been collected, ready to be inserted into the database
2023-05-07 12:50:32,172 - INFO - Logger Completed!
2023-05-07 12:50:32,173 - INFO - 26 rows in orders have been collected, ready to be inserted into the database
2023-05-07 12:50:37,612 - INFO - Logger Completed!
2023-05-07 12:50:37,613 - INFO - 26 rows in orders have been collected, ready to be inserted into the database
2023-05-07 12:51:15,827 - INFO - Logger Completed!
2023-05-07 12:51:15,828 - INFO - 26 rows in orders have been collected, ready to be inserted into the database
2023-05-07 12:54:01,338 - INFO - Logger Completed!
2023-05-07 12:58:40,508 - INFO - Logger Completed!
2023-05-07 12:58:40,509 - INFO - 26 rows in orders have been collected, ready to be inserted into the database
2023-05-07 12:58:41,415 - INFO - Logger Completed!
2023-05-07 12:58:41,416 - INFO - 26 rows in orders have been collected, ready to be inserted into the database
2023-05-07 13:00:59,972 - INFO - Logger Completed!
2023-05-07 13:00:59,973 - INFO - 26 rows in orders have been collected, ready to be inserted into the database
2023-05-07 13:08:23,178 - INFO - Logger Completed!
2023-05-07 13:08:23,179 - INFO - 8 rows built, go to the next zone
2023-05-07 13:08:23,179 - INFO - 20 rows built, go to the next zone
2023-05-07 13:08:23,179 - INFO - 26 rows in orders have been collected, ready to be inserted into the database
2023-05-07 13:09:19,938 - INFO - Logger Completed!
2023-05-07 13:09:19,938 - INFO - 8 rows built, go to the next zone
2023-05-07 13:09:19,939 - INFO - 20 rows built, go to the next zone
2023-05-07 13:09:19,939 - INFO - 26 rows in orders have been collected, ready to be inserted into the database
2023-05-07 13:13:05,571 - INFO - Logger Completed!
2023-05-07 13:13:05,572 - INFO - 8 rows built, go to the next zone
2023-05-07 13:13:05,572 - INFO - 20 rows built, go to the next zone
2023-05-07 13:13:05,573 - INFO - 26 rows in orders have been collected, ready to be inserted into the database
2023-05-07 13:20:36,228 - INFO - Logger Completed!
2023-05-07 13:20:36,228 - INFO - Row calculation succeeded! We will get(8,) red zone lines, (12,) green zone lines, 5 red zone lines
2023-05-07 13:20:36,229 - INFO - 26 rows in orders have been collected, ready to be inserted into the database
2023-05-07 13:22:00,789 - INFO - Logger Completed!
2023-05-07 13:22:00,789 - INFO - Row calculation succeeded! We will get8 Red zone lines, 12 Green zone lines, 5 Blue zone lines
2023-05-07 13:22:43,030 - INFO - Logger Completed!
2023-05-07 13:22:43,030 - INFO - Row calculation succeeded! We will get8 Red zone lines, 12 Green zone lines, 5 Blue zone lines
2023-05-07 13:22:43,031 - INFO - 26 rows in orders have been collected, ready to be inserted into the database
2023-05-07 13:23:33,515 - INFO - Logger Completed!
2023-05-07 13:23:33,515 - INFO - Row calculation succeeded! We will get 8 Red zone lines, 12 Green zone lines, 5 Blue zone lines
2023-05-07 13:23:33,516 - INFO - 26 rows in orders have been collected, ready to be inserted into the database
2023-05-07 13:26:47,271 - INFO - Logger Completed!
2023-05-07 13:26:47,271 - INFO - Row calculation succeeded! We will get 40 Red zone lines, 40 Green zone lines, 20 Blue zone lines
2023-05-07 13:26:47,274 - INFO - 102 rows in orders have been collected, ready to be inserted into the database
2023-05-07 13:34:20,354 - INFO - Logger Completed!
2023-05-07 13:34:20,354 - INFO - Row calculation succeeded! We will get 9 Red zone lines, 9 Green zone lines, 12 Blue zone lines
2023-05-07 13:34:20,357 - INFO - 30 rows in orders have been collected, ready to be inserted into the database
2023-05-07 13:35:19,223 - INFO - Logger Completed!
2023-05-07 13:35:19,224 - INFO - Row calculation succeeded! We will get 9 Red zone lines, 9 Green zone lines, 12 Blue zone lines
2023-05-07 13:35:19,228 - INFO - 30 rows in orders have been collected, ready to be inserted into the database
2023-05-07 13:36:13,232 - INFO - Logger Completed!
2023-05-07 13:36:13,232 - INFO - Row calculation succeeded! We will get 9 Red zone lines, 9 Green zone lines, 12 Blue zone lines
2023-05-07 13:36:13,237 - INFO - 30 rows in orders have been collected, ready to be inserted into the database
2023-05-07 13:36:14,116 - INFO - Logger Completed!
2023-05-07 13:36:14,116 - INFO - Row calculation succeeded! We will get 9 Red zone lines, 9 Green zone lines, 12 Blue zone lines
2023-05-07 13:36:14,121 - INFO - 30 rows in orders have been collected, ready to be inserted into the database
2023-05-07 13:37:49,841 - INFO - Logger Completed!
2023-05-07 13:37:49,842 - INFO - Row calculation succeeded! We will get 9 Red zone lines, 9 Green zone lines, 12 Blue zone lines
2023-05-07 13:37:49,846 - INFO - 30 rows in orders have been collected, ready to be inserted into the database
2023-05-07 13:37:50,639 - INFO - Logger Completed!
2023-05-07 13:37:50,639 - INFO - Row calculation succeeded! We will get 9 Red zone lines, 9 Green zone lines, 12 Blue zone lines
2023-05-07 13:38:28,327 - INFO - Logger Completed!
2023-05-07 13:38:28,328 - INFO - Row calculation succeeded! We will get 9 Red zone lines, 9 Green zone lines, 12 Blue zone lines
2023-05-07 13:38:29,225 - INFO - Logger Completed!
2023-05-07 13:38:29,226 - INFO - Row calculation succeeded! We will get 9 Red zone lines, 9 Green zone lines, 12 Blue zone lines
2023-05-07 13:39:09,355 - INFO - Logger Completed!
2023-05-07 13:39:09,355 - INFO - Row calculation succeeded! We will get 9 Red zone lines, 9 Green zone lines, 12 Blue zone lines
2023-05-07 13:39:48,308 - INFO - Logger Completed!
2023-05-07 13:39:48,308 - INFO - Row calculation succeeded! We will get 9 Red zone lines, 9 Green zone lines, 12 Blue zone lines
2023-05-07 13:41:35,590 - INFO - Logger Completed!
2023-05-07 13:41:35,590 - INFO - Row calculation succeeded! We will get 9 Red zone lines, 9 Green zone lines, 12 Blue zone lines
2023-05-07 13:41:35,592 - INFO - 30 rows in orders have been collected, ready to be inserted into the database
2023-05-07 13:41:48,425 - INFO - Logger Completed!
2023-05-07 13:41:48,425 - INFO - Row calculation succeeded! We will get 9 Red zone lines, 9 Green zone lines, 12 Blue zone lines
2023-05-07 13:42:01,860 - INFO - Logger Completed!
2023-05-07 13:42:01,860 - INFO - Row calculation succeeded! We will get 9 Red zone lines, 9 Green zone lines, 12 Blue zone lines
2023-05-07 13:44:16,983 - INFO - Logger Completed!
2023-05-07 13:44:16,983 - INFO - Row calculation succeeded! We will get 9 Red zone lines, 9 Green zone lines, 12 Blue zone lines
2023-05-07 13:44:29,903 - INFO - Logger Completed!
2023-05-07 13:44:29,904 - INFO - Row calculation succeeded! We will get 9 Red zone lines, 9 Green zone lines, 12 Blue zone lines
2023-05-07 13:44:37,652 - INFO - Logger Completed!
2023-05-07 13:44:37,652 - INFO - Row calculation succeeded! We will get 9 Red zone lines, 9 Green zone lines, 12 Blue zone lines
2023-05-07 13:44:47,520 - INFO - Logger Completed!
2023-05-07 13:44:47,520 - INFO - Row calculation succeeded! We will get 9 Red zone lines, 9 Green zone lines, 12 Blue zone lines
2023-05-07 13:45:28,972 - INFO - Logger Completed!
2023-05-07 13:45:28,972 - INFO - Row calculation succeeded! We will get 9 Red zone lines, 9 Green zone lines, 12 Blue zone lines
2023-05-07 13:45:40,581 - INFO - Logger Completed!
2023-05-07 13:45:40,581 - INFO - Row calculation succeeded! We will get 9 Red zone lines, 9 Green zone lines, 12 Blue zone lines
2023-05-07 13:45:53,455 - INFO - Logger Completed!
2023-05-07 13:45:53,455 - INFO - Row calculation succeeded! We will get 9 Red zone lines, 9 Green zone lines, 12 Blue zone lines
2023-05-07 13:46:38,261 - INFO - Logger Completed!
2023-05-07 13:46:38,261 - INFO - Row calculation succeeded! We will get 9 Red zone lines, 9 Green zone lines, 12 Blue zone lines
2023-05-07 13:47:48,885 - INFO - Logger Completed!
2023-05-07 13:47:48,886 - INFO - Row calculation succeeded! We will get 9 Red zone lines, 9 Green zone lines, 12 Blue zone lines
2023-05-07 13:47:49,766 - INFO - Logger Completed!
2023-05-07 13:47:49,766 - INFO - Row calculation succeeded! We will get 9 Red zone lines, 9 Green zone lines, 12 Blue zone lines
2023-05-07 13:48:14,975 - INFO - Logger Completed!
2023-05-07 13:48:14,975 - INFO - Row calculation succeeded! We will get 9 Red zone lines, 9 Green zone lines, 12 Blue zone lines
2023-05-07 13:48:29,504 - INFO - Logger Completed!
2023-05-07 13:48:29,504 - INFO - Row calculation succeeded! We will get 9 Red zone lines, 9 Green zone lines, 12 Blue zone lines
2023-05-07 13:48:29,510 - INFO - 30 rows in orders have been collected, ready to be inserted into the database
2023-05-07 13:49:10,292 - INFO - Logger Completed!
2023-05-07 13:49:10,292 - INFO - Row calculation succeeded! We will get 9 Red zone lines, 9 Green zone lines, 12 Blue zone lines
2023-05-07 13:49:10,296 - INFO - 30 rows in orders have been collected, ready to be inserted into the database
2023-05-07 13:49:11,890 - INFO - Logger Completed!
2023-05-07 13:49:11,890 - INFO - Row calculation succeeded! We will get 9 Red zone lines, 9 Green zone lines, 12 Blue zone lines
2023-05-07 13:49:11,891 - INFO - 30 rows in orders have been collected, ready to be inserted into the database
2023-05-07 13:49:25,429 - INFO - Logger Completed!
2023-05-07 13:49:25,429 - INFO - Row calculation succeeded! We will get 9 Red zone lines, 9 Green zone lines, 12 Blue zone lines
2023-05-07 13:49:25,430 - INFO - 30 rows in orders have been collected, ready to be inserted into the database
2023-05-07 13:50:22,286 - INFO - Logger Completed!
2023-05-07 13:50:22,286 - INFO - Row calculation succeeded! We will get 9 Red zone lines, 9 Green zone lines, 12 Blue zone lines
2023-05-07 13:50:22,288 - INFO - 30 rows in orders have been collected, ready to be inserted into the database
2023-05-07 13:50:55,767 - INFO - Logger Completed!
2023-05-07 13:50:55,767 - INFO - Row calculation succeeded! We will get 9 Red zone lines, 9 Green zone lines, 12 Blue zone lines
2023-05-07 13:50:55,769 - INFO - 30 rows in orders have been collected, ready to be inserted into the database
2023-05-07 13:51:12,199 - INFO - Logger Completed!
2023-05-07 13:51:12,199 - INFO - Row calculation succeeded! We will get 9 Red zone lines, 9 Green zone lines, 12 Blue zone lines
2023-05-07 13:51:12,201 - INFO - 30 rows in orders have been collected, ready to be inserted into the database
2023-05-07 13:51:57,152 - INFO - Logger Completed!
2023-05-07 13:51:57,153 - INFO - Row calculation succeeded! We will get 9 Red zone lines, 9 Green zone lines, 12 Blue zone lines
2023-05-07 13:51:57,154 - INFO - 30 rows in orders have been collected, ready to be inserted into the database
2023-05-07 13:51:58,436 - INFO - Logger Completed!
2023-05-07 13:51:58,436 - INFO - Row calculation succeeded! We will get 9 Red zone lines, 9 Green zone lines, 12 Blue zone lines
2023-05-07 13:51:58,437 - INFO - 30 rows in orders have been collected, ready to be inserted into the database
2023-05-07 14:00:43,282 - INFO - Logger Completed!
2023-05-07 14:00:43,282 - INFO - Row calculation succeeded! We will get 9 Red zone lines, 9 Green zone lines, 12 Blue zone lines
2023-05-07 14:00:43,284 - INFO - 30 rows in orders have been collected, ready to be inserted into the database
2023-05-07 14:01:01,362 - INFO - Logger Completed!
2023-05-07 14:01:01,362 - INFO - Row calculation succeeded! We will get 9 Red zone lines, 9 Green zone lines, 12 Blue zone lines
2023-05-07 14:01:01,363 - INFO - 30 rows in orders have been collected, ready to be inserted into the database
2023-05-07 14:01:49,500 - INFO - Logger Completed!
2023-05-07 14:01:49,500 - INFO - Row calculation succeeded! We will get 9 Red zone lines, 9 Green zone lines, 12 Blue zone lines
2023-05-07 14:01:50,648 - INFO - Logger Completed!
2023-05-07 14:01:50,648 - INFO - Row calculation succeeded! We will get 9 Red zone lines, 9 Green zone lines, 12 Blue zone lines
2023-05-07 14:02:11,716 - INFO - Logger Completed!
2023-05-07 14:02:11,716 - INFO - Row calculation succeeded! We will get 9 Red zone lines, 9 Green zone lines, 12 Blue zone lines
2023-05-07 14:02:11,717 - INFO - 30 rows in orders have been collected, ready to be inserted into the database
2023-05-07 14:04:39,541 - INFO - Logger Completed!
2023-05-07 14:04:39,541 - INFO - Row calculation succeeded! We will get 9 Red zone lines, 9 Green zone lines, 12 Blue zone lines
2023-05-07 14:04:39,542 - INFO - 30 rows in orders have been collected, ready to be inserted into the database
2023-05-07 14:04:41,237 - INFO - Logger Completed!
2023-05-07 14:04:41,237 - INFO - Row calculation succeeded! We will get 9 Red zone lines, 9 Green zone lines, 12 Blue zone lines
2023-05-07 14:04:41,239 - INFO - 30 rows in orders have been collected, ready to be inserted into the database
2023-05-07 14:05:05,724 - INFO - Logger Completed!
2023-05-07 14:05:05,725 - INFO - Row calculation succeeded! We will get 9 Red zone lines, 9 Green zone lines, 12 Blue zone lines
2023-05-07 14:05:05,727 - INFO - 30 rows in orders have been collected, ready to be inserted into the database
2023-05-07 14:06:13,527 - INFO - Logger Completed!
2023-05-07 14:06:13,527 - INFO - Row calculation succeeded! We will get 9 Red zone lines, 9 Green zone lines, 12 Blue zone lines
2023-05-07 14:06:14,854 - INFO - Logger Completed!
2023-05-07 14:06:14,854 - INFO - Row calculation succeeded! We will get 9 Red zone lines, 9 Green zone lines, 12 Blue zone lines
2023-05-07 14:06:47,198 - INFO - Logger Completed!
2023-05-07 14:06:47,198 - INFO - Row calculation succeeded! We will get 9 Red zone lines, 9 Green zone lines, 12 Blue zone lines
2023-05-07 14:06:48,674 - INFO - Logger Completed!
2023-05-07 14:06:48,674 - INFO - Row calculation succeeded! We will get 9 Red zone lines, 9 Green zone lines, 12 Blue zone lines
2023-05-07 14:07:18,219 - INFO - Logger Completed!
2023-05-07 14:07:18,219 - INFO - Row calculation succeeded! We will get 9 Red zone lines, 9 Green zone lines, 12 Blue zone lines
2023-05-07 14:07:19,230 - INFO - Logger Completed!
2023-05-07 14:07:19,230 - INFO - Row calculation succeeded! We will get 9 Red zone lines, 9 Green zone lines, 12 Blue zone lines
2023-05-07 14:07:35,090 - INFO - Logger Completed!
2023-05-07 14:07:35,090 - INFO - Row calculation succeeded! We will get 9 Red zone lines, 9 Green zone lines, 12 Blue zone lines
2023-05-07 14:07:35,092 - INFO - 30 rows in orders have been collected, ready to be inserted into the database
2023-05-07 14:07:51,720 - INFO - Logger Completed!
2023-05-07 14:07:51,720 - INFO - Row calculation succeeded! We will get 9 Red zone lines, 9 Green zone lines, 12 Blue zone lines
2023-05-07 14:07:51,721 - INFO - 30 rows in orders have been collected, ready to be inserted into the database
2023-05-07 14:07:53,622 - INFO - Logger Completed!
2023-05-07 14:07:53,622 - INFO - Row calculation succeeded! We will get 9 Red zone lines, 9 Green zone lines, 12 Blue zone lines
2023-05-07 14:07:53,624 - INFO - 30 rows in orders have been collected, ready to be inserted into the database
2023-05-07 14:08:31,824 - INFO - Logger Completed!
2023-05-07 14:08:31,824 - INFO - Row calculation succeeded! We will get 9 Red zone lines, 9 Green zone lines, 12 Blue zone lines
2023-05-07 14:09:45,579 - INFO - Logger Completed!
2023-05-07 14:09:45,579 - INFO - Row calculation succeeded! We will get 9 Red zone lines, 9 Green zone lines, 12 Blue zone lines
2023-05-07 14:10:02,477 - INFO - Logger Completed!
2023-05-07 14:10:02,477 - INFO - Row calculation succeeded! We will get 9 Red zone lines, 9 Green zone lines, 12 Blue zone lines
2023-05-07 14:10:19,350 - INFO - Logger Completed!
2023-05-07 14:10:19,350 - INFO - Row calculation succeeded! We will get 9 Red zone lines, 9 Green zone lines, 12 Blue zone lines
2023-05-07 14:10:50,466 - INFO - Logger Completed!
2023-05-07 14:10:50,466 - INFO - Row calculation succeeded! We will get 9 Red zone lines, 9 Green zone lines, 12 Blue zone lines
2023-05-07 14:10:50,467 - INFO - 30 rows in orders have been collected, ready to be inserted into the database
2023-05-07 14:10:53,491 - INFO - Logger Completed!
2023-05-07 14:10:53,491 - INFO - Row calculation succeeded! We will get 9 Red zone lines, 9 Green zone lines, 12 Blue zone lines
2023-05-07 14:10:53,492 - INFO - 30 rows in orders have been collected, ready to be inserted into the database
2023-05-07 14:11:50,033 - INFO - Logger Completed!
2023-05-07 14:11:50,033 - INFO - Row calculation succeeded! We will get 9 Red zone lines, 9 Green zone lines, 12 Blue zone lines
2023-05-07 14:11:50,036 - INFO - 30 rows in orders have been collected, ready to be inserted into the database
2023-05-07 14:11:57,643 - INFO - Logger Completed!
2023-05-07 14:11:57,643 - INFO - Row calculation succeeded! We will get 9 Red zone lines, 9 Green zone lines, 12 Blue zone lines
2023-05-07 14:11:57,646 - INFO - 30 rows in orders have been collected, ready to be inserted into the database
2023-05-07 14:11:58,483 - INFO - Logger Completed!
2023-05-07 14:11:58,483 - INFO - Row calculation succeeded! We will get 9 Red zone lines, 9 Green zone lines, 12 Blue zone lines
2023-05-07 14:11:58,485 - INFO - 30 rows in orders have been collected, ready to be inserted into the database
2023-05-07 14:13:44,517 - INFO - Logger Completed!
2023-05-07 14:13:44,517 - INFO - Row calculation succeeded! We will get 9 Red zone lines, 9 Green zone lines, 12 Blue zone lines
2023-05-07 14:15:01,199 - INFO - Logger Completed!
2023-05-07 14:15:01,199 - INFO - Row calculation succeeded! We will get 9 Red zone lines, 9 Green zone lines, 12 Blue zone lines
2023-05-07 14:15:02,284 - INFO - Logger Completed!
2023-05-07 14:15:02,284 - INFO - Row calculation succeeded! We will get 9 Red zone lines, 9 Green zone lines, 12 Blue zone lines
2023-05-07 14:15:20,063 - INFO - Logger Completed!
2023-05-07 14:15:20,063 - INFO - Row calculation succeeded! We will get 9 Red zone lines, 9 Green zone lines, 12 Blue zone lines
2023-05-07 14:15:20,954 - INFO - Logger Completed!
2023-05-07 14:15:20,955 - INFO - Row calculation succeeded! We will get 9 Red zone lines, 9 Green zone lines, 12 Blue zone lines
2023-05-07 14:15:39,558 - INFO - Logger Completed!
2023-05-07 14:15:57,765 - INFO - Logger Completed!
2023-05-07 14:16:07,396 - INFO - Logger Completed!
2023-05-07 14:16:07,396 - INFO - Row calculation succeeded! We will get 9 Red zone lines, 9 Green zone lines, 12 Blue zone lines
2023-05-07 14:16:08,140 - INFO - Logger Completed!
2023-05-07 14:16:08,140 - INFO - Row calculation succeeded! We will get 9 Red zone lines, 9 Green zone lines, 12 Blue zone lines
2023-05-07 14:16:55,028 - INFO - Logger Completed!
2023-05-07 14:16:55,028 - INFO - Row calculation succeeded! We will get 9 Red zone lines, 9 Green zone lines, 12 Blue zone lines
2023-05-07 14:17:43,682 - INFO - Logger Completed!
2023-05-07 14:17:43,682 - INFO - Row calculation succeeded! We will get 9 Red zone lines, 9 Green zone lines, 12 Blue zone lines
2023-05-07 14:17:44,741 - INFO - Logger Completed!
2023-05-07 14:17:44,741 - INFO - Row calculation succeeded! We will get 9 Red zone lines, 9 Green zone lines, 12 Blue zone lines
2023-05-07 14:18:04,840 - INFO - Logger Completed!
2023-05-07 14:18:04,840 - INFO - Row calculation succeeded! We will get 9 Red zone lines, 9 Green zone lines, 12 Blue zone lines
2023-05-07 14:18:05,972 - INFO - Logger Completed!
2023-05-07 14:18:05,972 - INFO - Row calculation succeeded! We will get 9 Red zone lines, 9 Green zone lines, 12 Blue zone lines
2023-05-07 14:18:08,781 - INFO - Logger Completed!
2023-05-07 14:18:08,781 - INFO - Row calculation succeeded! We will get 9 Red zone lines, 9 Green zone lines, 12 Blue zone lines
2023-05-07 14:19:14,080 - INFO - Logger Completed!
2023-05-07 14:19:31,629 - INFO - Logger Completed!
2023-05-07 14:19:54,419 - INFO - Logger Completed!
2023-05-07 14:19:55,393 - INFO - Logger Completed!
2023-05-07 14:20:02,382 - INFO - Logger Completed!
2023-05-07 14:20:50,265 - INFO - Logger Completed!
2023-05-07 14:21:28,040 - INFO - Logger Completed!
2023-05-07 14:21:29,020 - INFO - Logger Completed!
2023-05-07 14:21:45,741 - INFO - Logger Completed!
2023-05-07 14:21:46,798 - INFO - Logger Completed!
2023-05-07 14:22:12,583 - INFO - Logger Completed!
2023-05-07 14:22:12,583 - INFO - Row calculation succeeded! We will get 9 Red zone lines, 9 Green zone lines, 12 Blue zone lines
2023-05-07 14:22:27,163 - INFO - Logger Completed!
2023-05-07 14:22:27,163 - INFO - Row calculation succeeded! We will get 9 Red zone lines, 9 Green zone lines, 12 Blue zone lines
2023-05-07 14:22:27,166 - INFO - 30 rows in orders have been collected, ready to be inserted into the database
2023-05-07 14:22:56,571 - INFO - Logger Completed!
2023-05-07 14:22:56,571 - INFO - Row calculation succeeded! We will get 9 Red zone lines, 9 Green zone lines, 12 Blue zone lines
2023-05-07 14:22:56,572 - INFO - 30 rows in orders have been collected, ready to be inserted into the database
2023-05-07 18:39:18,302 - INFO - Logger Completed!
2023-05-07 18:39:18,302 - INFO - Row calculation succeeded! We will get 9 Red zone lines, 9 Green zone lines, 12 Blue zone lines
2023-05-07 18:39:18,303 - INFO - 30 rows in orders have been collected, ready to be inserted into the database
2023-05-07 18:41:21,102 - INFO - Logger Completed!
2023-05-07 18:41:21,102 - INFO - Row calculation succeeded! We will get 9 Red zone lines, 9 Green zone lines, 12 Blue zone lines
2023-05-07 18:41:21,103 - INFO - 30 rows in orders have been collected, ready to be inserted into the database
2023-05-07 18:41:51,549 - INFO - Logger Completed!
2023-05-07 18:41:51,550 - INFO - Row calculation succeeded! We will get 9 Red zone lines, 9 Green zone lines, 12 Blue zone lines
2023-05-07 18:41:51,550 - INFO - 30 rows in orders have been collected, ready to be inserted into the database
2023-05-07 18:42:34,632 - INFO - Logger Completed!
2023-05-07 18:42:34,632 - INFO - Row calculation succeeded! We will get 9 Red zone lines, 9 Green zone lines, 12 Blue zone lines
2023-05-07 18:42:34,633 - INFO - 30 rows in orders have been collected, ready to be inserted into the database
2023-05-07 18:44:37,829 - INFO - Logger Completed!
2023-05-07 18:44:37,829 - INFO - Row calculation succeeded! We will get 9 Red zone lines, 9 Green zone lines, 12 Blue zone lines
2023-05-07 18:44:37,830 - INFO - 30 rows in orders have been collected, ready to be inserted into the database
2023-05-07 18:56:35,745 - INFO - Logger Completed!
2023-05-07 18:56:35,745 - INFO - Row calculation succeeded! We will get 9 Red zone lines, 9 Green zone lines, 12 Blue zone lines
2023-05-07 18:58:40,331 - INFO - Logger Completed!
2023-05-07 18:58:40,331 - INFO - Row calculation succeeded! We will get 9 Red zone lines, 9 Green zone lines, 12 Blue zone lines
2023-05-07 18:58:40,332 - INFO - 30 rows in orders have been collected, ready to be inserted into the database
2023-05-07 18:58:40,393 - INFO - Connected to MySQL Server version 8.0.31
2023-05-07 18:58:40,394 - INFO - You're connected to database: test
2023-05-07 18:58:40,404 - INFO - Data successfully added to the database
2023-05-07 18:58:40,405 - INFO - MySQL connection is closed
